${LOG_PATTERN}${LOG_PATTERN}${LOG_PATTERN}${LOG_PATTERN}${LOG_PATTERN}${LOG_PATTERN}${LOG_PATTERN}${LOG_PATTERN}${LOG_PATTERN}${LOG_PATTERN}${LOG_PATTERN}${LOG_PATTERN}${LOG_PATTERN}${LOG_PATTERN}${LOG_PATTERN}${LOG_PATTERN}${LOG_PATTERN}${LOG_PATTERN}${LOG_PATTERN}${LOG_PATTERN}${LOG_PATTERN}${LOG_PATTERN}${LOG_PATTERN}${LOG_PATTERN}${LOG_PATTERN}${LOG_PATTERN}${LOG_PATTERN}${LOG_PATTERN}${LOG_PATTERN}${LOG_PATTERN}${LOG_PATTERN}${LOG_PATTERN}${LOG_PATTERN}${LOG_PATTERN}${LOG_PATTERN}${LOG_PATTERN}${LOG_PATTERN}${LOG_PATTERN}${LOG_PATTERN}${LOG_PATTERN}${LOG_PATTERN}${LOG_PATTERN}${LOG_PATTERN}${LOG_PATTERN}${LOG_PATTERN}${LOG_PATTERN}${LOG_PATTERN}${LOG_PATTERN}${LOG_PATTERN}${LOG_PATTERN}${LOG_PATTERN}${LOG_PATTERN}${LOG_PATTERN}${LOG_PATTERN}${LOG_PATTERN}${LOG_PATTERN}${LOG_PATTERN}${LOG_PATTERN}${LOG_PATTERN} java.lang.UnsupportedOperationException: Reflective setAccessible(true) disabled
	at io.netty.util.internal.ReflectionUtil.trySetAccessible(ReflectionUtil.java:31) ~[netty-common-4.1.90.Final.jar:4.1.90.Final]
	at io.netty.util.internal.PlatformDependent0$5.run(PlatformDependent0.java:288) ~[netty-common-4.1.90.Final.jar:4.1.90.Final]
	at java.security.AccessController.doPrivileged(AccessController.java:319) ~[?:?]
	at io.netty.util.internal.PlatformDependent0.<clinit>(PlatformDependent0.java:282) ~[netty-common-4.1.90.Final.jar:4.1.90.Final]
	at io.netty.util.internal.PlatformDependent.isAndroid(PlatformDependent.java:333) ~[netty-common-4.1.90.Final.jar:4.1.90.Final]
	at io.netty.util.internal.PlatformDependent.<clinit>(PlatformDependent.java:88) ~[netty-common-4.1.90.Final.jar:4.1.90.Final]
	at io.netty.util.HashedWheelTimer.<init>(HashedWheelTimer.java:114) ~[netty-common-4.1.90.Final.jar:4.1.90.Final]
	at io.netty.util.HashedWheelTimer.<init>(HashedWheelTimer.java:251) ~[netty-common-4.1.90.Final.jar:4.1.90.Final]
	at io.netty.util.HashedWheelTimer.<init>(HashedWheelTimer.java:224) ~[netty-common-4.1.90.Final.jar:4.1.90.Final]
	at io.netty.util.HashedWheelTimer.<init>(HashedWheelTimer.java:203) ~[netty-common-4.1.90.Final.jar:4.1.90.Final]
	at org.asynchttpclient.DefaultAsyncHttpClient.newNettyTimer(DefaultAsyncHttpClient.java:111) ~[async-http-client-2.12.3.jar:?]
	at org.asynchttpclient.DefaultAsyncHttpClient.<init>(DefaultAsyncHttpClient.java:90) ~[async-http-client-2.12.3.jar:?]
	at org.asynchttpclient.Dsl.asyncHttpClient(Dsl.java:32) ~[async-http-client-2.12.3.jar:?]
	at org.openqa.selenium.remote.http.netty.NettyClient.createHttpClient(NettyClient.java:94) ~[selenium-remote-driver-4.8.3.jar:?]
	at org.openqa.selenium.remote.http.netty.NettyClient.<clinit>(NettyClient.java:47) ~[selenium-remote-driver-4.8.3.jar:?]
	at org.openqa.selenium.remote.http.netty.NettyClient$Factory.createClient(NettyClient.java:135) ~[selenium-remote-driver-4.8.3.jar:?]
	at com.codeborne.selenide.webdriver.SelenideNettyClientFactory.createClient(SelenideNettyClientFactory.java:30) ~[selenide-core-6.13.0.jar:6.13.0]
	at org.openqa.selenium.remote.HttpCommandExecutor.<init>(HttpCommandExecutor.java:116) ~[selenium-remote-driver-4.8.3.jar:?]
	at org.openqa.selenium.remote.HttpCommandExecutor.<init>(HttpCommandExecutor.java:94) ~[selenium-remote-driver-4.8.3.jar:?]
	at org.openqa.selenium.remote.service.DriverCommandExecutor.<init>(DriverCommandExecutor.java:88) ~[selenium-remote-driver-4.8.3.jar:?]
	at org.openqa.selenium.chromium.ChromiumDriverCommandExecutor.<init>(ChromiumDriverCommandExecutor.java:40) ~[selenium-chromium-driver-4.8.3.jar:?]
	at org.openqa.selenium.chrome.ChromeDriver$ChromeDriverCommandExecutor.<init>(ChromeDriver.java:111) ~[selenium-chrome-driver-4.8.3.jar:?]
	at org.openqa.selenium.chrome.ChromeDriver.generateExecutor(ChromeDriver.java:101) ~[selenium-chrome-driver-4.8.3.jar:?]
	at org.openqa.selenium.chrome.ChromeDriver.<init>(ChromeDriver.java:88) ~[selenium-chrome-driver-4.8.3.jar:?]
	at org.openqa.selenium.chrome.ChromeDriver.<init>(ChromeDriver.java:84) ~[selenium-chrome-driver-4.8.3.jar:?]
	at com.codeborne.selenide.webdriver.ChromeDriverFactory.create(ChromeDriverFactory.java:42) ~[selenide-core-6.13.0.jar:6.13.0]
	at com.codeborne.selenide.webdriver.WebDriverFactory.createWebDriverInstance(WebDriverFactory.java:123) ~[selenide-core-6.13.0.jar:6.13.0]
	at com.codeborne.selenide.webdriver.WebDriverFactory.createWebDriver(WebDriverFactory.java:67) ~[selenide-core-6.13.0.jar:6.13.0]
	at com.codeborne.selenide.drivercommands.CreateDriverCommand.lambda$createDriver$0(CreateDriverCommand.java:76) ~[selenide-core-6.13.0.jar:6.13.0]
	at com.codeborne.selenide.logevents.SelenideLogger.get(SelenideLogger.java:118) ~[selenide-core-6.13.0.jar:6.13.0]
	at com.codeborne.selenide.drivercommands.CreateDriverCommand.createDriver(CreateDriverCommand.java:52) ~[selenide-core-6.13.0.jar:6.13.0]
	at com.codeborne.selenide.impl.WebDriverThreadLocalContainer.createDriver(WebDriverThreadLocalContainer.java:202) ~[selenide-6.13.0.jar:6.13.0]
	at com.codeborne.selenide.impl.WebDriverThreadLocalContainer.createAndRegisterDriver(WebDriverThreadLocalContainer.java:186) ~[selenide-6.13.0.jar:6.13.0]
	at com.codeborne.selenide.impl.WebDriverThreadLocalContainer.getAndCheckWebDriver(WebDriverThreadLocalContainer.java:155) ~[selenide-6.13.0.jar:6.13.0]
	at com.codeborne.selenide.WebDriverRunner.getAndCheckWebDriver(WebDriverRunner.java:130) ~[selenide-6.13.0.jar:6.13.0]
	at com.codeborne.selenide.impl.StaticDriver.getAndCheckWebDriver(StaticDriver.java:65) ~[selenide-6.13.0.jar:6.13.0]
	at com.codeborne.selenide.SelenideDriver.getAndCheckWebDriver(SelenideDriver.java:220) ~[selenide-core-6.13.0.jar:6.13.0]
	at com.codeborne.selenide.logevents.SelenideLogger.run(SelenideLogger.java:105) ~[selenide-core-6.13.0.jar:6.13.0]
	at com.codeborne.selenide.drivercommands.Navigator.open(Navigator.java:89) ~[selenide-core-6.13.0.jar:6.13.0]
	at com.codeborne.selenide.SelenideDriver.open(SelenideDriver.java:97) ~[selenide-core-6.13.0.jar:6.13.0]
	at com.codeborne.selenide.Selenide.open(Selenide.java:129) ~[selenide-6.13.0.jar:6.13.0]
	at com.it_academy.homework6.onliner.framework.DriveManager.initDriver(DriveManager.java:33) ~[classes/:?]
	at com.it_academy.homework6.onliner.framework.DriveManager.configurationBrowser(DriveManager.java:19) ~[classes/:?]
	at com.it_academy.homework6.onliner.page_object.BasePage.<init>(BasePage.java:8) ~[classes/:?]
	at com.it_academy.homework6.onliner.page_object.pages.Header.<init>(Header.java:11) ~[classes/:?]
	at com.it_academy.homework6.web.ProductPageTest.createForTestProductPage(ProductPageTest.java:33) ~[test-classes/:?]
	at jdk.internal.reflect.DirectMethodHandleAccessor.invoke(DirectMethodHandleAccessor.java:104) ~[?:?]
	at java.lang.reflect.Method.invoke(Method.java:578) ~[?:?]
	at org.testng.internal.invokers.MethodInvocationHelper.invokeMethod(MethodInvocationHelper.java:139) ~[testng-7.7.0.jar:7.7.0]
	at org.testng.internal.invokers.MethodInvocationHelper.invokeMethodConsideringTimeout(MethodInvocationHelper.java:69) ~[testng-7.7.0.jar:7.7.0]
	at org.testng.internal.invokers.ConfigInvoker.invokeConfigurationMethod(ConfigInvoker.java:361) ~[testng-7.7.0.jar:7.7.0]
	at org.testng.internal.invokers.ConfigInvoker.invokeConfigurations(ConfigInvoker.java:296) ~[testng-7.7.0.jar:7.7.0]
	at org.testng.internal.invokers.TestMethodWorker.invokeBeforeClassMethods(TestMethodWorker.java:180) ~[testng-7.7.0.jar:7.7.0]
	at org.testng.internal.invokers.TestMethodWorker.run(TestMethodWorker.java:122) ~[testng-7.7.0.jar:7.7.0]
	at java.util.ArrayList.forEach(ArrayList.java:1511) [?:?]
	at org.testng.TestRunner.privateRun(TestRunner.java:829) [testng-7.7.0.jar:7.7.0]
	at org.testng.TestRunner.run(TestRunner.java:602) [testng-7.7.0.jar:7.7.0]
	at org.testng.SuiteRunner.runTest(SuiteRunner.java:437) [testng-7.7.0.jar:7.7.0]
	at org.testng.SuiteRunner.runSequentially(SuiteRunner.java:431) [testng-7.7.0.jar:7.7.0]
	at org.testng.SuiteRunner.privateRun(SuiteRunner.java:391) [testng-7.7.0.jar:7.7.0]
	at org.testng.SuiteRunner.run(SuiteRunner.java:330) [testng-7.7.0.jar:7.7.0]
	at org.testng.SuiteRunnerWorker.runSuite(SuiteRunnerWorker.java:52) [testng-7.7.0.jar:7.7.0]
	at org.testng.SuiteRunnerWorker.run(SuiteRunnerWorker.java:95) [testng-7.7.0.jar:7.7.0]
	at org.testng.TestNG.runSuitesSequentially(TestNG.java:1256) [testng-7.7.0.jar:7.7.0]
	at org.testng.TestNG.runSuitesLocally(TestNG.java:1176) [testng-7.7.0.jar:7.7.0]
	at org.testng.TestNG.runSuites(TestNG.java:1099) [testng-7.7.0.jar:7.7.0]
	at org.testng.TestNG.run(TestNG.java:1067) [testng-7.7.0.jar:7.7.0]
	at com.intellij.rt.testng.IDEARemoteTestNG.run(IDEARemoteTestNG.java:66) [testng-rt.jar:?]
	at com.intellij.rt.testng.RemoteTestNGStarter.main(RemoteTestNGStarter.java:109) [testng-rt.jar:?]
${LOG_PATTERN}${LOG_PATTERN} java.lang.IllegalAccessException: class io.netty.util.internal.PlatformDependent0$7 cannot access class jdk.internal.misc.Unsafe (in module java.base) because module java.base does not export jdk.internal.misc to unnamed module @3bd40a57
	at jdk.internal.reflect.Reflection.newIllegalAccessException(Reflection.java:394) ~[?:?]
	at java.lang.reflect.AccessibleObject.checkAccess(AccessibleObject.java:709) ~[?:?]
	at java.lang.reflect.Method.invoke(Method.java:569) ~[?:?]
	at io.netty.util.internal.PlatformDependent0$7.run(PlatformDependent0.java:410) ~[netty-common-4.1.90.Final.jar:4.1.90.Final]
	at java.security.AccessController.doPrivileged(AccessController.java:319) ~[?:?]
	at io.netty.util.internal.PlatformDependent0.<clinit>(PlatformDependent0.java:401) ~[netty-common-4.1.90.Final.jar:4.1.90.Final]
	at io.netty.util.internal.PlatformDependent.isAndroid(PlatformDependent.java:333) ~[netty-common-4.1.90.Final.jar:4.1.90.Final]
	at io.netty.util.internal.PlatformDependent.<clinit>(PlatformDependent.java:88) ~[netty-common-4.1.90.Final.jar:4.1.90.Final]
	at io.netty.util.HashedWheelTimer.<init>(HashedWheelTimer.java:114) ~[netty-common-4.1.90.Final.jar:4.1.90.Final]
	at io.netty.util.HashedWheelTimer.<init>(HashedWheelTimer.java:251) ~[netty-common-4.1.90.Final.jar:4.1.90.Final]
	at io.netty.util.HashedWheelTimer.<init>(HashedWheelTimer.java:224) ~[netty-common-4.1.90.Final.jar:4.1.90.Final]
	at io.netty.util.HashedWheelTimer.<init>(HashedWheelTimer.java:203) ~[netty-common-4.1.90.Final.jar:4.1.90.Final]
	at org.asynchttpclient.DefaultAsyncHttpClient.newNettyTimer(DefaultAsyncHttpClient.java:111) ~[async-http-client-2.12.3.jar:?]
	at org.asynchttpclient.DefaultAsyncHttpClient.<init>(DefaultAsyncHttpClient.java:90) ~[async-http-client-2.12.3.jar:?]
	at org.asynchttpclient.Dsl.asyncHttpClient(Dsl.java:32) ~[async-http-client-2.12.3.jar:?]
	at org.openqa.selenium.remote.http.netty.NettyClient.createHttpClient(NettyClient.java:94) ~[selenium-remote-driver-4.8.3.jar:?]
	at org.openqa.selenium.remote.http.netty.NettyClient.<clinit>(NettyClient.java:47) ~[selenium-remote-driver-4.8.3.jar:?]
	at org.openqa.selenium.remote.http.netty.NettyClient$Factory.createClient(NettyClient.java:135) ~[selenium-remote-driver-4.8.3.jar:?]
	at com.codeborne.selenide.webdriver.SelenideNettyClientFactory.createClient(SelenideNettyClientFactory.java:30) ~[selenide-core-6.13.0.jar:6.13.0]
	at org.openqa.selenium.remote.HttpCommandExecutor.<init>(HttpCommandExecutor.java:116) ~[selenium-remote-driver-4.8.3.jar:?]
	at org.openqa.selenium.remote.HttpCommandExecutor.<init>(HttpCommandExecutor.java:94) ~[selenium-remote-driver-4.8.3.jar:?]
	at org.openqa.selenium.remote.service.DriverCommandExecutor.<init>(DriverCommandExecutor.java:88) ~[selenium-remote-driver-4.8.3.jar:?]
	at org.openqa.selenium.chromium.ChromiumDriverCommandExecutor.<init>(ChromiumDriverCommandExecutor.java:40) ~[selenium-chromium-driver-4.8.3.jar:?]
	at org.openqa.selenium.chrome.ChromeDriver$ChromeDriverCommandExecutor.<init>(ChromeDriver.java:111) ~[selenium-chrome-driver-4.8.3.jar:?]
	at org.openqa.selenium.chrome.ChromeDriver.generateExecutor(ChromeDriver.java:101) ~[selenium-chrome-driver-4.8.3.jar:?]
	at org.openqa.selenium.chrome.ChromeDriver.<init>(ChromeDriver.java:88) ~[selenium-chrome-driver-4.8.3.jar:?]
	at org.openqa.selenium.chrome.ChromeDriver.<init>(ChromeDriver.java:84) ~[selenium-chrome-driver-4.8.3.jar:?]
	at com.codeborne.selenide.webdriver.ChromeDriverFactory.create(ChromeDriverFactory.java:42) ~[selenide-core-6.13.0.jar:6.13.0]
	at com.codeborne.selenide.webdriver.WebDriverFactory.createWebDriverInstance(WebDriverFactory.java:123) ~[selenide-core-6.13.0.jar:6.13.0]
	at com.codeborne.selenide.webdriver.WebDriverFactory.createWebDriver(WebDriverFactory.java:67) ~[selenide-core-6.13.0.jar:6.13.0]
	at com.codeborne.selenide.drivercommands.CreateDriverCommand.lambda$createDriver$0(CreateDriverCommand.java:76) ~[selenide-core-6.13.0.jar:6.13.0]
	at com.codeborne.selenide.logevents.SelenideLogger.get(SelenideLogger.java:118) ~[selenide-core-6.13.0.jar:6.13.0]
	at com.codeborne.selenide.drivercommands.CreateDriverCommand.createDriver(CreateDriverCommand.java:52) ~[selenide-core-6.13.0.jar:6.13.0]
	at com.codeborne.selenide.impl.WebDriverThreadLocalContainer.createDriver(WebDriverThreadLocalContainer.java:202) ~[selenide-6.13.0.jar:6.13.0]
	at com.codeborne.selenide.impl.WebDriverThreadLocalContainer.createAndRegisterDriver(WebDriverThreadLocalContainer.java:186) ~[selenide-6.13.0.jar:6.13.0]
	at com.codeborne.selenide.impl.WebDriverThreadLocalContainer.getAndCheckWebDriver(WebDriverThreadLocalContainer.java:155) ~[selenide-6.13.0.jar:6.13.0]
	at com.codeborne.selenide.WebDriverRunner.getAndCheckWebDriver(WebDriverRunner.java:130) ~[selenide-6.13.0.jar:6.13.0]
	at com.codeborne.selenide.impl.StaticDriver.getAndCheckWebDriver(StaticDriver.java:65) ~[selenide-6.13.0.jar:6.13.0]
	at com.codeborne.selenide.SelenideDriver.getAndCheckWebDriver(SelenideDriver.java:220) ~[selenide-core-6.13.0.jar:6.13.0]
	at com.codeborne.selenide.logevents.SelenideLogger.run(SelenideLogger.java:105) ~[selenide-core-6.13.0.jar:6.13.0]
	at com.codeborne.selenide.drivercommands.Navigator.open(Navigator.java:89) ~[selenide-core-6.13.0.jar:6.13.0]
	at com.codeborne.selenide.SelenideDriver.open(SelenideDriver.java:97) ~[selenide-core-6.13.0.jar:6.13.0]
	at com.codeborne.selenide.Selenide.open(Selenide.java:129) ~[selenide-6.13.0.jar:6.13.0]
	at com.it_academy.homework6.onliner.framework.DriveManager.initDriver(DriveManager.java:33) ~[classes/:?]
	at com.it_academy.homework6.onliner.framework.DriveManager.configurationBrowser(DriveManager.java:19) ~[classes/:?]
	at com.it_academy.homework6.onliner.page_object.BasePage.<init>(BasePage.java:8) ~[classes/:?]
	at com.it_academy.homework6.onliner.page_object.pages.Header.<init>(Header.java:11) ~[classes/:?]
	at com.it_academy.homework6.web.ProductPageTest.createForTestProductPage(ProductPageTest.java:33) ~[test-classes/:?]
	at jdk.internal.reflect.DirectMethodHandleAccessor.invoke(DirectMethodHandleAccessor.java:104) ~[?:?]
	at java.lang.reflect.Method.invoke(Method.java:578) ~[?:?]
	at org.testng.internal.invokers.MethodInvocationHelper.invokeMethod(MethodInvocationHelper.java:139) ~[testng-7.7.0.jar:7.7.0]
	at org.testng.internal.invokers.MethodInvocationHelper.invokeMethodConsideringTimeout(MethodInvocationHelper.java:69) ~[testng-7.7.0.jar:7.7.0]
	at org.testng.internal.invokers.ConfigInvoker.invokeConfigurationMethod(ConfigInvoker.java:361) ~[testng-7.7.0.jar:7.7.0]
	at org.testng.internal.invokers.ConfigInvoker.invokeConfigurations(ConfigInvoker.java:296) ~[testng-7.7.0.jar:7.7.0]
	at org.testng.internal.invokers.TestMethodWorker.invokeBeforeClassMethods(TestMethodWorker.java:180) ~[testng-7.7.0.jar:7.7.0]
	at org.testng.internal.invokers.TestMethodWorker.run(TestMethodWorker.java:122) ~[testng-7.7.0.jar:7.7.0]
	at java.util.ArrayList.forEach(ArrayList.java:1511) [?:?]
	at org.testng.TestRunner.privateRun(TestRunner.java:829) [testng-7.7.0.jar:7.7.0]
	at org.testng.TestRunner.run(TestRunner.java:602) [testng-7.7.0.jar:7.7.0]
	at org.testng.SuiteRunner.runTest(SuiteRunner.java:437) [testng-7.7.0.jar:7.7.0]
	at org.testng.SuiteRunner.runSequentially(SuiteRunner.java:431) [testng-7.7.0.jar:7.7.0]
	at org.testng.SuiteRunner.privateRun(SuiteRunner.java:391) [testng-7.7.0.jar:7.7.0]
	at org.testng.SuiteRunner.run(SuiteRunner.java:330) [testng-7.7.0.jar:7.7.0]
	at org.testng.SuiteRunnerWorker.runSuite(SuiteRunnerWorker.java:52) [testng-7.7.0.jar:7.7.0]
	at org.testng.SuiteRunnerWorker.run(SuiteRunnerWorker.java:95) [testng-7.7.0.jar:7.7.0]
	at org.testng.TestNG.runSuitesSequentially(TestNG.java:1256) [testng-7.7.0.jar:7.7.0]
	at org.testng.TestNG.runSuitesLocally(TestNG.java:1176) [testng-7.7.0.jar:7.7.0]
	at org.testng.TestNG.runSuites(TestNG.java:1099) [testng-7.7.0.jar:7.7.0]
	at org.testng.TestNG.run(TestNG.java:1067) [testng-7.7.0.jar:7.7.0]
	at com.intellij.rt.testng.IDEARemoteTestNG.run(IDEARemoteTestNG.java:66) [testng-rt.jar:?]
	at com.intellij.rt.testng.RemoteTestNGStarter.main(RemoteTestNGStarter.java:109) [testng-rt.jar:?]
${LOG_PATTERN}${LOG_PATTERN}${LOG_PATTERN}${LOG_PATTERN}${LOG_PATTERN}${LOG_PATTERN}${LOG_PATTERN}${LOG_PATTERN}${LOG_PATTERN}${LOG_PATTERN}${LOG_PATTERN}${LOG_PATTERN}${LOG_PATTERN}${LOG_PATTERN}${LOG_PATTERN}${LOG_PATTERN}${LOG_PATTERN}${LOG_PATTERN}${LOG_PATTERN}${LOG_PATTERN}${LOG_PATTERN}${LOG_PATTERN}${LOG_PATTERN}${LOG_PATTERN}${LOG_PATTERN}${LOG_PATTERN}${LOG_PATTERN}${LOG_PATTERN}${LOG_PATTERN}${LOG_PATTERN}${LOG_PATTERN}${LOG_PATTERN}${LOG_PATTERN}${LOG_PATTERN}${LOG_PATTERN}${LOG_PATTERN}${LOG_PATTERN}${LOG_PATTERN}${LOG_PATTERN}${LOG_PATTERN}${LOG_PATTERN}${LOG_PATTERN}${LOG_PATTERN}${LOG_PATTERN}${LOG_PATTERN}${LOG_PATTERN}${LOG_PATTERN}${LOG_PATTERN}${LOG_PATTERN}${LOG_PATTERN}${LOG_PATTERN}${LOG_PATTERN}${LOG_PATTERN}${LOG_PATTERN}${LOG_PATTERN}${LOG_PATTERN}${LOG_PATTERN}${LOG_PATTERN}${LOG_PATTERN}${LOG_PATTERN}${LOG_PATTERN}${LOG_PATTERN}${LOG_PATTERN}${LOG_PATTERN}${LOG_PATTERN}${LOG_PATTERN}${LOG_PATTERN}${LOG_PATTERN}${LOG_PATTERN}${LOG_PATTERN}${LOG_PATTERN}${LOG_PATTERN}${LOG_PATTERN}${LOG_PATTERN}${LOG_PATTERN}${LOG_PATTERN}${LOG_PATTERN}${LOG_PATTERN}${LOG_PATTERN}${LOG_PATTERN}${LOG_PATTERN}${LOG_PATTERN}${LOG_PATTERN}${LOG_PATTERN}${LOG_PATTERN}${LOG_PATTERN}${LOG_PATTERN}${LOG_PATTERN}${LOG_PATTERN}${LOG_PATTERN}${LOG_PATTERN}${LOG_PATTERN}${LOG_PATTERN}${LOG_PATTERN}${LOG_PATTERN}${LOG_PATTERN}${LOG_PATTERN}${LOG_PATTERN}${LOG_PATTERN}${LOG_PATTERN}${LOG_PATTERN}${LOG_PATTERN}${LOG_PATTERN}${LOG_PATTERN}${LOG_PATTERN}${LOG_PATTERN}${LOG_PATTERN}${LOG_PATTERN}${LOG_PATTERN}${LOG_PATTERN}${LOG_PATTERN}${LOG_PATTERN}${LOG_PATTERN}${LOG_PATTERN}${LOG_PATTERN}${LOG_PATTERN}${LOG_PATTERN}${LOG_PATTERN}${LOG_PATTERN}${LOG_PATTERN}${LOG_PATTERN}${LOG_PATTERN}${LOG_PATTERN}${LOG_PATTERN}${LOG_PATTERN}${LOG_PATTERN}${LOG_PATTERN}${LOG_PATTERN}${LOG_PATTERN}${LOG_PATTERN}${LOG_PATTERN}${LOG_PATTERN}${LOG_PATTERN}${LOG_PATTERN}${LOG_PATTERN}${LOG_PATTERN}${LOG_PATTERN}${LOG_PATTERN}${LOG_PATTERN}${LOG_PATTERN}${LOG_PATTERN}${LOG_PATTERN}${LOG_PATTERN}${LOG_PATTERN}${LOG_PATTERN}${LOG_PATTERN}${LOG_PATTERN}${LOG_PATTERN}${LOG_PATTERN}${LOG_PATTERN}${LOG_PATTERN}${LOG_PATTERN}${LOG_PATTERN}${LOG_PATTERN}${LOG_PATTERN}${LOG_PATTERN}${LOG_PATTERN}${LOG_PATTERN}${LOG_PATTERN}${LOG_PATTERN}${LOG_PATTERN}${LOG_PATTERN}${LOG_PATTERN}${LOG_PATTERN}${LOG_PATTERN}${LOG_PATTERN}${LOG_PATTERN}${LOG_PATTERN}${LOG_PATTERN}${LOG_PATTERN}${LOG_PATTERN}${LOG_PATTERN}${LOG_PATTERN}${LOG_PATTERN}${LOG_PATTERN}${LOG_PATTERN}${LOG_PATTERN}${LOG_PATTERN}${LOG_PATTERN}${LOG_PATTERN}${LOG_PATTERN}${LOG_PATTERN}${LOG_PATTERN}${LOG_PATTERN}${LOG_PATTERN}${LOG_PATTERN}${LOG_PATTERN}${LOG_PATTERN}${LOG_PATTERN}${LOG_PATTERN}${LOG_PATTERN}${LOG_PATTERN}${LOG_PATTERN}${LOG_PATTERN}${LOG_PATTERN}${LOG_PATTERN}${LOG_PATTERN}${LOG_PATTERN}${LOG_PATTERN}${LOG_PATTERN}${LOG_PATTERN}${LOG_PATTERN}${LOG_PATTERN}${LOG_PATTERN}${LOG_PATTERN}${LOG_PATTERN}${LOG_PATTERN}${LOG_PATTERN}${LOG_PATTERN}${LOG_PATTERN}${LOG_PATTERN}${LOG_PATTERN}${LOG_PATTERN}${LOG_PATTERN}${LOG_PATTERN}${LOG_PATTERN}${LOG_PATTERN}${LOG_PATTERN}${LOG_PATTERN}${LOG_PATTERN}${LOG_PATTERN}${LOG_PATTERN}${LOG_PATTERN}${LOG_PATTERN}${LOG_PATTERN}${LOG_PATTERN}${LOG_PATTERN}${LOG_PATTERN}${LOG_PATTERN}${LOG_PATTERN}${LOG_PATTERN}${LOG_PATTERN}${LOG_PATTERN}${LOG_PATTERN}${LOG_PATTERN}${LOG_PATTERN}${LOG_PATTERN} java.lang.UnsupportedOperationException: Reflective setAccessible(true) disabled
	at io.netty.util.internal.ReflectionUtil.trySetAccessible(ReflectionUtil.java:31) ~[netty-common-4.1.90.Final.jar:4.1.90.Final]
	at io.netty.util.internal.PlatformDependent0$5.run(PlatformDependent0.java:288) ~[netty-common-4.1.90.Final.jar:4.1.90.Final]
	at java.security.AccessController.doPrivileged(AccessController.java:319) ~[?:?]
	at io.netty.util.internal.PlatformDependent0.<clinit>(PlatformDependent0.java:282) ~[netty-common-4.1.90.Final.jar:4.1.90.Final]
	at io.netty.util.internal.PlatformDependent.isAndroid(PlatformDependent.java:333) ~[netty-common-4.1.90.Final.jar:4.1.90.Final]
	at io.netty.util.internal.PlatformDependent.<clinit>(PlatformDependent.java:88) ~[netty-common-4.1.90.Final.jar:4.1.90.Final]
	at io.netty.util.HashedWheelTimer.<init>(HashedWheelTimer.java:114) ~[netty-common-4.1.90.Final.jar:4.1.90.Final]
	at io.netty.util.HashedWheelTimer.<init>(HashedWheelTimer.java:251) ~[netty-common-4.1.90.Final.jar:4.1.90.Final]
	at io.netty.util.HashedWheelTimer.<init>(HashedWheelTimer.java:224) ~[netty-common-4.1.90.Final.jar:4.1.90.Final]
	at io.netty.util.HashedWheelTimer.<init>(HashedWheelTimer.java:203) ~[netty-common-4.1.90.Final.jar:4.1.90.Final]
	at org.asynchttpclient.DefaultAsyncHttpClient.newNettyTimer(DefaultAsyncHttpClient.java:111) ~[async-http-client-2.12.3.jar:?]
	at org.asynchttpclient.DefaultAsyncHttpClient.<init>(DefaultAsyncHttpClient.java:90) ~[async-http-client-2.12.3.jar:?]
	at org.asynchttpclient.Dsl.asyncHttpClient(Dsl.java:32) ~[async-http-client-2.12.3.jar:?]
	at org.openqa.selenium.remote.http.netty.NettyClient.createHttpClient(NettyClient.java:94) ~[selenium-remote-driver-4.8.3.jar:?]
	at org.openqa.selenium.remote.http.netty.NettyClient.<clinit>(NettyClient.java:47) ~[selenium-remote-driver-4.8.3.jar:?]
	at org.openqa.selenium.remote.http.netty.NettyClient$Factory.createClient(NettyClient.java:135) ~[selenium-remote-driver-4.8.3.jar:?]
	at com.codeborne.selenide.webdriver.SelenideNettyClientFactory.createClient(SelenideNettyClientFactory.java:30) ~[selenide-core-6.13.0.jar:6.13.0]
	at org.openqa.selenium.remote.HttpCommandExecutor.<init>(HttpCommandExecutor.java:116) ~[selenium-remote-driver-4.8.3.jar:?]
	at org.openqa.selenium.remote.HttpCommandExecutor.<init>(HttpCommandExecutor.java:94) ~[selenium-remote-driver-4.8.3.jar:?]
	at org.openqa.selenium.remote.service.DriverCommandExecutor.<init>(DriverCommandExecutor.java:88) ~[selenium-remote-driver-4.8.3.jar:?]
	at org.openqa.selenium.chromium.ChromiumDriverCommandExecutor.<init>(ChromiumDriverCommandExecutor.java:40) ~[selenium-chromium-driver-4.8.3.jar:?]
	at org.openqa.selenium.chrome.ChromeDriver$ChromeDriverCommandExecutor.<init>(ChromeDriver.java:111) ~[selenium-chrome-driver-4.8.3.jar:?]
	at org.openqa.selenium.chrome.ChromeDriver.generateExecutor(ChromeDriver.java:101) ~[selenium-chrome-driver-4.8.3.jar:?]
	at org.openqa.selenium.chrome.ChromeDriver.<init>(ChromeDriver.java:88) ~[selenium-chrome-driver-4.8.3.jar:?]
	at org.openqa.selenium.chrome.ChromeDriver.<init>(ChromeDriver.java:84) ~[selenium-chrome-driver-4.8.3.jar:?]
	at com.codeborne.selenide.webdriver.ChromeDriverFactory.create(ChromeDriverFactory.java:42) ~[selenide-core-6.13.0.jar:6.13.0]
	at com.codeborne.selenide.webdriver.WebDriverFactory.createWebDriverInstance(WebDriverFactory.java:123) ~[selenide-core-6.13.0.jar:6.13.0]
	at com.codeborne.selenide.webdriver.WebDriverFactory.createWebDriver(WebDriverFactory.java:67) ~[selenide-core-6.13.0.jar:6.13.0]
	at com.codeborne.selenide.drivercommands.CreateDriverCommand.lambda$createDriver$0(CreateDriverCommand.java:76) ~[selenide-core-6.13.0.jar:6.13.0]
	at com.codeborne.selenide.logevents.SelenideLogger.get(SelenideLogger.java:118) ~[selenide-core-6.13.0.jar:6.13.0]
	at com.codeborne.selenide.drivercommands.CreateDriverCommand.createDriver(CreateDriverCommand.java:52) ~[selenide-core-6.13.0.jar:6.13.0]
	at com.codeborne.selenide.impl.WebDriverThreadLocalContainer.createDriver(WebDriverThreadLocalContainer.java:202) ~[selenide-6.13.0.jar:6.13.0]
	at com.codeborne.selenide.impl.WebDriverThreadLocalContainer.createAndRegisterDriver(WebDriverThreadLocalContainer.java:186) ~[selenide-6.13.0.jar:6.13.0]
	at com.codeborne.selenide.impl.WebDriverThreadLocalContainer.getAndCheckWebDriver(WebDriverThreadLocalContainer.java:155) ~[selenide-6.13.0.jar:6.13.0]
	at com.codeborne.selenide.WebDriverRunner.getAndCheckWebDriver(WebDriverRunner.java:130) ~[selenide-6.13.0.jar:6.13.0]
	at com.codeborne.selenide.impl.StaticDriver.getAndCheckWebDriver(StaticDriver.java:65) ~[selenide-6.13.0.jar:6.13.0]
	at com.codeborne.selenide.SelenideDriver.getAndCheckWebDriver(SelenideDriver.java:220) ~[selenide-core-6.13.0.jar:6.13.0]
	at com.codeborne.selenide.logevents.SelenideLogger.run(SelenideLogger.java:105) ~[selenide-core-6.13.0.jar:6.13.0]
	at com.codeborne.selenide.drivercommands.Navigator.open(Navigator.java:89) ~[selenide-core-6.13.0.jar:6.13.0]
	at com.codeborne.selenide.SelenideDriver.open(SelenideDriver.java:97) ~[selenide-core-6.13.0.jar:6.13.0]
	at com.codeborne.selenide.Selenide.open(Selenide.java:129) ~[selenide-6.13.0.jar:6.13.0]
	at com.it_academy.homework6.onliner.framework.DriveManager.initDriver(DriveManager.java:33) ~[classes/:?]
	at com.it_academy.homework6.onliner.framework.DriveManager.configurationBrowser(DriveManager.java:19) ~[classes/:?]
	at com.it_academy.homework6.onliner.page_object.BasePage.<init>(BasePage.java:8) ~[classes/:?]
	at com.it_academy.homework6.onliner.page_object.pages.Header.<init>(Header.java:11) ~[classes/:?]
	at com.it_academy.homework6.web.ProductPageTest.createForTestProductPage(ProductPageTest.java:33) ~[test-classes/:?]
	at jdk.internal.reflect.DirectMethodHandleAccessor.invoke(DirectMethodHandleAccessor.java:104) ~[?:?]
	at java.lang.reflect.Method.invoke(Method.java:578) ~[?:?]
	at org.testng.internal.invokers.MethodInvocationHelper.invokeMethod(MethodInvocationHelper.java:139) ~[testng-7.7.0.jar:7.7.0]
	at org.testng.internal.invokers.MethodInvocationHelper.invokeMethodConsideringTimeout(MethodInvocationHelper.java:69) ~[testng-7.7.0.jar:7.7.0]
	at org.testng.internal.invokers.ConfigInvoker.invokeConfigurationMethod(ConfigInvoker.java:361) ~[testng-7.7.0.jar:7.7.0]
	at org.testng.internal.invokers.ConfigInvoker.invokeConfigurations(ConfigInvoker.java:296) ~[testng-7.7.0.jar:7.7.0]
	at org.testng.internal.invokers.TestMethodWorker.invokeBeforeClassMethods(TestMethodWorker.java:180) ~[testng-7.7.0.jar:7.7.0]
	at org.testng.internal.invokers.TestMethodWorker.run(TestMethodWorker.java:122) ~[testng-7.7.0.jar:7.7.0]
	at java.util.ArrayList.forEach(ArrayList.java:1511) [?:?]
	at org.testng.TestRunner.privateRun(TestRunner.java:829) [testng-7.7.0.jar:7.7.0]
	at org.testng.TestRunner.run(TestRunner.java:602) [testng-7.7.0.jar:7.7.0]
	at org.testng.SuiteRunner.runTest(SuiteRunner.java:437) [testng-7.7.0.jar:7.7.0]
	at org.testng.SuiteRunner.runSequentially(SuiteRunner.java:431) [testng-7.7.0.jar:7.7.0]
	at org.testng.SuiteRunner.privateRun(SuiteRunner.java:391) [testng-7.7.0.jar:7.7.0]
	at org.testng.SuiteRunner.run(SuiteRunner.java:330) [testng-7.7.0.jar:7.7.0]
	at org.testng.SuiteRunnerWorker.runSuite(SuiteRunnerWorker.java:52) [testng-7.7.0.jar:7.7.0]
	at org.testng.SuiteRunnerWorker.run(SuiteRunnerWorker.java:95) [testng-7.7.0.jar:7.7.0]
	at org.testng.TestNG.runSuitesSequentially(TestNG.java:1256) [testng-7.7.0.jar:7.7.0]
	at org.testng.TestNG.runSuitesLocally(TestNG.java:1176) [testng-7.7.0.jar:7.7.0]
	at org.testng.TestNG.runSuites(TestNG.java:1099) [testng-7.7.0.jar:7.7.0]
	at org.testng.TestNG.run(TestNG.java:1067) [testng-7.7.0.jar:7.7.0]
	at com.intellij.rt.testng.IDEARemoteTestNG.run(IDEARemoteTestNG.java:66) [testng-rt.jar:?]
	at com.intellij.rt.testng.RemoteTestNGStarter.main(RemoteTestNGStarter.java:109) [testng-rt.jar:?]
${LOG_PATTERN}${LOG_PATTERN} java.lang.IllegalAccessException: class io.netty.util.internal.PlatformDependent0$7 cannot access class jdk.internal.misc.Unsafe (in module java.base) because module java.base does not export jdk.internal.misc to unnamed module @3bd40a57
	at jdk.internal.reflect.Reflection.newIllegalAccessException(Reflection.java:394) ~[?:?]
	at java.lang.reflect.AccessibleObject.checkAccess(AccessibleObject.java:709) ~[?:?]
	at java.lang.reflect.Method.invoke(Method.java:569) ~[?:?]
	at io.netty.util.internal.PlatformDependent0$7.run(PlatformDependent0.java:410) ~[netty-common-4.1.90.Final.jar:4.1.90.Final]
	at java.security.AccessController.doPrivileged(AccessController.java:319) ~[?:?]
	at io.netty.util.internal.PlatformDependent0.<clinit>(PlatformDependent0.java:401) ~[netty-common-4.1.90.Final.jar:4.1.90.Final]
	at io.netty.util.internal.PlatformDependent.isAndroid(PlatformDependent.java:333) ~[netty-common-4.1.90.Final.jar:4.1.90.Final]
	at io.netty.util.internal.PlatformDependent.<clinit>(PlatformDependent.java:88) ~[netty-common-4.1.90.Final.jar:4.1.90.Final]
	at io.netty.util.HashedWheelTimer.<init>(HashedWheelTimer.java:114) ~[netty-common-4.1.90.Final.jar:4.1.90.Final]
	at io.netty.util.HashedWheelTimer.<init>(HashedWheelTimer.java:251) ~[netty-common-4.1.90.Final.jar:4.1.90.Final]
	at io.netty.util.HashedWheelTimer.<init>(HashedWheelTimer.java:224) ~[netty-common-4.1.90.Final.jar:4.1.90.Final]
	at io.netty.util.HashedWheelTimer.<init>(HashedWheelTimer.java:203) ~[netty-common-4.1.90.Final.jar:4.1.90.Final]
	at org.asynchttpclient.DefaultAsyncHttpClient.newNettyTimer(DefaultAsyncHttpClient.java:111) ~[async-http-client-2.12.3.jar:?]
	at org.asynchttpclient.DefaultAsyncHttpClient.<init>(DefaultAsyncHttpClient.java:90) ~[async-http-client-2.12.3.jar:?]
	at org.asynchttpclient.Dsl.asyncHttpClient(Dsl.java:32) ~[async-http-client-2.12.3.jar:?]
	at org.openqa.selenium.remote.http.netty.NettyClient.createHttpClient(NettyClient.java:94) ~[selenium-remote-driver-4.8.3.jar:?]
	at org.openqa.selenium.remote.http.netty.NettyClient.<clinit>(NettyClient.java:47) ~[selenium-remote-driver-4.8.3.jar:?]
	at org.openqa.selenium.remote.http.netty.NettyClient$Factory.createClient(NettyClient.java:135) ~[selenium-remote-driver-4.8.3.jar:?]
	at com.codeborne.selenide.webdriver.SelenideNettyClientFactory.createClient(SelenideNettyClientFactory.java:30) ~[selenide-core-6.13.0.jar:6.13.0]
	at org.openqa.selenium.remote.HttpCommandExecutor.<init>(HttpCommandExecutor.java:116) ~[selenium-remote-driver-4.8.3.jar:?]
	at org.openqa.selenium.remote.HttpCommandExecutor.<init>(HttpCommandExecutor.java:94) ~[selenium-remote-driver-4.8.3.jar:?]
	at org.openqa.selenium.remote.service.DriverCommandExecutor.<init>(DriverCommandExecutor.java:88) ~[selenium-remote-driver-4.8.3.jar:?]
	at org.openqa.selenium.chromium.ChromiumDriverCommandExecutor.<init>(ChromiumDriverCommandExecutor.java:40) ~[selenium-chromium-driver-4.8.3.jar:?]
	at org.openqa.selenium.chrome.ChromeDriver$ChromeDriverCommandExecutor.<init>(ChromeDriver.java:111) ~[selenium-chrome-driver-4.8.3.jar:?]
	at org.openqa.selenium.chrome.ChromeDriver.generateExecutor(ChromeDriver.java:101) ~[selenium-chrome-driver-4.8.3.jar:?]
	at org.openqa.selenium.chrome.ChromeDriver.<init>(ChromeDriver.java:88) ~[selenium-chrome-driver-4.8.3.jar:?]
	at org.openqa.selenium.chrome.ChromeDriver.<init>(ChromeDriver.java:84) ~[selenium-chrome-driver-4.8.3.jar:?]
	at com.codeborne.selenide.webdriver.ChromeDriverFactory.create(ChromeDriverFactory.java:42) ~[selenide-core-6.13.0.jar:6.13.0]
	at com.codeborne.selenide.webdriver.WebDriverFactory.createWebDriverInstance(WebDriverFactory.java:123) ~[selenide-core-6.13.0.jar:6.13.0]
	at com.codeborne.selenide.webdriver.WebDriverFactory.createWebDriver(WebDriverFactory.java:67) ~[selenide-core-6.13.0.jar:6.13.0]
	at com.codeborne.selenide.drivercommands.CreateDriverCommand.lambda$createDriver$0(CreateDriverCommand.java:76) ~[selenide-core-6.13.0.jar:6.13.0]
	at com.codeborne.selenide.logevents.SelenideLogger.get(SelenideLogger.java:118) ~[selenide-core-6.13.0.jar:6.13.0]
	at com.codeborne.selenide.drivercommands.CreateDriverCommand.createDriver(CreateDriverCommand.java:52) ~[selenide-core-6.13.0.jar:6.13.0]
	at com.codeborne.selenide.impl.WebDriverThreadLocalContainer.createDriver(WebDriverThreadLocalContainer.java:202) ~[selenide-6.13.0.jar:6.13.0]
	at com.codeborne.selenide.impl.WebDriverThreadLocalContainer.createAndRegisterDriver(WebDriverThreadLocalContainer.java:186) ~[selenide-6.13.0.jar:6.13.0]
	at com.codeborne.selenide.impl.WebDriverThreadLocalContainer.getAndCheckWebDriver(WebDriverThreadLocalContainer.java:155) ~[selenide-6.13.0.jar:6.13.0]
	at com.codeborne.selenide.WebDriverRunner.getAndCheckWebDriver(WebDriverRunner.java:130) ~[selenide-6.13.0.jar:6.13.0]
	at com.codeborne.selenide.impl.StaticDriver.getAndCheckWebDriver(StaticDriver.java:65) ~[selenide-6.13.0.jar:6.13.0]
	at com.codeborne.selenide.SelenideDriver.getAndCheckWebDriver(SelenideDriver.java:220) ~[selenide-core-6.13.0.jar:6.13.0]
	at com.codeborne.selenide.logevents.SelenideLogger.run(SelenideLogger.java:105) ~[selenide-core-6.13.0.jar:6.13.0]
	at com.codeborne.selenide.drivercommands.Navigator.open(Navigator.java:89) ~[selenide-core-6.13.0.jar:6.13.0]
	at com.codeborne.selenide.SelenideDriver.open(SelenideDriver.java:97) ~[selenide-core-6.13.0.jar:6.13.0]
	at com.codeborne.selenide.Selenide.open(Selenide.java:129) ~[selenide-6.13.0.jar:6.13.0]
	at com.it_academy.homework6.onliner.framework.DriveManager.initDriver(DriveManager.java:33) ~[classes/:?]
	at com.it_academy.homework6.onliner.framework.DriveManager.configurationBrowser(DriveManager.java:19) ~[classes/:?]
	at com.it_academy.homework6.onliner.page_object.BasePage.<init>(BasePage.java:8) ~[classes/:?]
	at com.it_academy.homework6.onliner.page_object.pages.Header.<init>(Header.java:11) ~[classes/:?]
	at com.it_academy.homework6.web.ProductPageTest.createForTestProductPage(ProductPageTest.java:33) ~[test-classes/:?]
	at jdk.internal.reflect.DirectMethodHandleAccessor.invoke(DirectMethodHandleAccessor.java:104) ~[?:?]
	at java.lang.reflect.Method.invoke(Method.java:578) ~[?:?]
	at org.testng.internal.invokers.MethodInvocationHelper.invokeMethod(MethodInvocationHelper.java:139) ~[testng-7.7.0.jar:7.7.0]
	at org.testng.internal.invokers.MethodInvocationHelper.invokeMethodConsideringTimeout(MethodInvocationHelper.java:69) ~[testng-7.7.0.jar:7.7.0]
	at org.testng.internal.invokers.ConfigInvoker.invokeConfigurationMethod(ConfigInvoker.java:361) ~[testng-7.7.0.jar:7.7.0]
	at org.testng.internal.invokers.ConfigInvoker.invokeConfigurations(ConfigInvoker.java:296) ~[testng-7.7.0.jar:7.7.0]
	at org.testng.internal.invokers.TestMethodWorker.invokeBeforeClassMethods(TestMethodWorker.java:180) ~[testng-7.7.0.jar:7.7.0]
	at org.testng.internal.invokers.TestMethodWorker.run(TestMethodWorker.java:122) ~[testng-7.7.0.jar:7.7.0]
	at java.util.ArrayList.forEach(ArrayList.java:1511) [?:?]
	at org.testng.TestRunner.privateRun(TestRunner.java:829) [testng-7.7.0.jar:7.7.0]
	at org.testng.TestRunner.run(TestRunner.java:602) [testng-7.7.0.jar:7.7.0]
	at org.testng.SuiteRunner.runTest(SuiteRunner.java:437) [testng-7.7.0.jar:7.7.0]
	at org.testng.SuiteRunner.runSequentially(SuiteRunner.java:431) [testng-7.7.0.jar:7.7.0]
	at org.testng.SuiteRunner.privateRun(SuiteRunner.java:391) [testng-7.7.0.jar:7.7.0]
	at org.testng.SuiteRunner.run(SuiteRunner.java:330) [testng-7.7.0.jar:7.7.0]
	at org.testng.SuiteRunnerWorker.runSuite(SuiteRunnerWorker.java:52) [testng-7.7.0.jar:7.7.0]
	at org.testng.SuiteRunnerWorker.run(SuiteRunnerWorker.java:95) [testng-7.7.0.jar:7.7.0]
	at org.testng.TestNG.runSuitesSequentially(TestNG.java:1256) [testng-7.7.0.jar:7.7.0]
	at org.testng.TestNG.runSuitesLocally(TestNG.java:1176) [testng-7.7.0.jar:7.7.0]
	at org.testng.TestNG.runSuites(TestNG.java:1099) [testng-7.7.0.jar:7.7.0]
	at org.testng.TestNG.run(TestNG.java:1067) [testng-7.7.0.jar:7.7.0]
	at com.intellij.rt.testng.IDEARemoteTestNG.run(IDEARemoteTestNG.java:66) [testng-rt.jar:?]
	at com.intellij.rt.testng.RemoteTestNGStarter.main(RemoteTestNGStarter.java:109) [testng-rt.jar:?]
${LOG_PATTERN}${LOG_PATTERN}${LOG_PATTERN}${LOG_PATTERN}${LOG_PATTERN}${LOG_PATTERN}${LOG_PATTERN}${LOG_PATTERN}${LOG_PATTERN}${LOG_PATTERN}${LOG_PATTERN}${LOG_PATTERN}${LOG_PATTERN}${LOG_PATTERN}${LOG_PATTERN}${LOG_PATTERN}${LOG_PATTERN}${LOG_PATTERN}${LOG_PATTERN}${LOG_PATTERN}${LOG_PATTERN}${LOG_PATTERN}${LOG_PATTERN}${LOG_PATTERN}${LOG_PATTERN}${LOG_PATTERN}${LOG_PATTERN}${LOG_PATTERN}${LOG_PATTERN}${LOG_PATTERN}${LOG_PATTERN}${LOG_PATTERN}${LOG_PATTERN}${LOG_PATTERN}${LOG_PATTERN}${LOG_PATTERN}${LOG_PATTERN}${LOG_PATTERN}${LOG_PATTERN}${LOG_PATTERN}${LOG_PATTERN}${LOG_PATTERN}${LOG_PATTERN}${LOG_PATTERN}${LOG_PATTERN}${LOG_PATTERN}${LOG_PATTERN}${LOG_PATTERN}${LOG_PATTERN}${LOG_PATTERN}${LOG_PATTERN}${LOG_PATTERN}${LOG_PATTERN}${LOG_PATTERN}${LOG_PATTERN}${LOG_PATTERN}${LOG_PATTERN}${LOG_PATTERN}${LOG_PATTERN}${LOG_PATTERN}${LOG_PATTERN}${LOG_PATTERN}${LOG_PATTERN}${LOG_PATTERN}${LOG_PATTERN}${LOG_PATTERN}${LOG_PATTERN}${LOG_PATTERN}${LOG_PATTERN}${LOG_PATTERN}${LOG_PATTERN}${LOG_PATTERN}${LOG_PATTERN}${LOG_PATTERN}${LOG_PATTERN}${LOG_PATTERN}${LOG_PATTERN}${LOG_PATTERN}${LOG_PATTERN}${LOG_PATTERN}${LOG_PATTERN}${LOG_PATTERN}${LOG_PATTERN}${LOG_PATTERN}${LOG_PATTERN}${LOG_PATTERN}${LOG_PATTERN}${LOG_PATTERN}${LOG_PATTERN}${LOG_PATTERN}${LOG_PATTERN}${LOG_PATTERN}${LOG_PATTERN}${LOG_PATTERN}${LOG_PATTERN}${LOG_PATTERN}${LOG_PATTERN}${LOG_PATTERN}${LOG_PATTERN}${LOG_PATTERN}${LOG_PATTERN}${LOG_PATTERN}${LOG_PATTERN}${LOG_PATTERN}${LOG_PATTERN}${LOG_PATTERN}${LOG_PATTERN}${LOG_PATTERN}${LOG_PATTERN}${LOG_PATTERN}${LOG_PATTERN}${LOG_PATTERN}${LOG_PATTERN}${LOG_PATTERN}${LOG_PATTERN}${LOG_PATTERN}${LOG_PATTERN}${LOG_PATTERN}${LOG_PATTERN}${LOG_PATTERN}${LOG_PATTERN}${LOG_PATTERN}${LOG_PATTERN}${LOG_PATTERN}${LOG_PATTERN}${LOG_PATTERN}${LOG_PATTERN}${LOG_PATTERN}${LOG_PATTERN}${LOG_PATTERN}${LOG_PATTERN}${LOG_PATTERN}${LOG_PATTERN}${LOG_PATTERN}${LOG_PATTERN}${LOG_PATTERN}${LOG_PATTERN}${LOG_PATTERN}${LOG_PATTERN}${LOG_PATTERN}${LOG_PATTERN}${LOG_PATTERN}${LOG_PATTERN}${LOG_PATTERN}${LOG_PATTERN}${LOG_PATTERN}${LOG_PATTERN}${LOG_PATTERN}${LOG_PATTERN}${LOG_PATTERN}${LOG_PATTERN} java.net.SocketException: Connection reset
	at sun.nio.ch.SocketChannelImpl.throwConnectionReset(SocketChannelImpl.java:401) ~[?:?]
	at sun.nio.ch.SocketChannelImpl.read(SocketChannelImpl.java:434) ~[?:?]
	at io.netty.buffer.PooledByteBuf.setBytes(PooledByteBuf.java:256) ~[netty-buffer-4.1.90.Final.jar:4.1.90.Final]
	at io.netty.buffer.AbstractByteBuf.writeBytes(AbstractByteBuf.java:1132) ~[netty-buffer-4.1.90.Final.jar:4.1.90.Final]
	at io.netty.channel.socket.nio.NioSocketChannel.doReadBytes(NioSocketChannel.java:357) ~[netty-transport-4.1.90.Final.jar:4.1.90.Final]
	at io.netty.channel.nio.AbstractNioByteChannel$NioByteUnsafe.read(AbstractNioByteChannel.java:151) ~[netty-transport-4.1.90.Final.jar:4.1.90.Final]
	at io.netty.channel.nio.NioEventLoop.processSelectedKey(NioEventLoop.java:788) ~[netty-transport-4.1.90.Final.jar:4.1.90.Final]
	at io.netty.channel.nio.NioEventLoop.processSelectedKeysOptimized(NioEventLoop.java:724) ~[netty-transport-4.1.90.Final.jar:4.1.90.Final]
	at io.netty.channel.nio.NioEventLoop.processSelectedKeys(NioEventLoop.java:650) ~[netty-transport-4.1.90.Final.jar:4.1.90.Final]
	at io.netty.channel.nio.NioEventLoop.run(NioEventLoop.java:562) ~[netty-transport-4.1.90.Final.jar:4.1.90.Final]
	at io.netty.util.concurrent.SingleThreadEventExecutor$4.run(SingleThreadEventExecutor.java:997) ~[netty-common-4.1.90.Final.jar:4.1.90.Final]
	at io.netty.util.internal.ThreadExecutorMap$2.run(ThreadExecutorMap.java:74) ~[netty-common-4.1.90.Final.jar:4.1.90.Final]
	at io.netty.util.concurrent.FastThreadLocalRunnable.run(FastThreadLocalRunnable.java:30) ~[netty-common-4.1.90.Final.jar:4.1.90.Final]
	at java.lang.Thread.run(Thread.java:1623) [?:?]
${LOG_PATTERN} java.net.SocketException: Connection reset
	at sun.nio.ch.SocketChannelImpl.throwConnectionReset(SocketChannelImpl.java:401) ~[?:?]
	at sun.nio.ch.SocketChannelImpl.read(SocketChannelImpl.java:434) ~[?:?]
	at io.netty.buffer.PooledByteBuf.setBytes(PooledByteBuf.java:256) ~[netty-buffer-4.1.90.Final.jar:4.1.90.Final]
	at io.netty.buffer.AbstractByteBuf.writeBytes(AbstractByteBuf.java:1132) ~[netty-buffer-4.1.90.Final.jar:4.1.90.Final]
	at io.netty.channel.socket.nio.NioSocketChannel.doReadBytes(NioSocketChannel.java:357) ~[netty-transport-4.1.90.Final.jar:4.1.90.Final]
	at io.netty.channel.nio.AbstractNioByteChannel$NioByteUnsafe.read(AbstractNioByteChannel.java:151) ~[netty-transport-4.1.90.Final.jar:4.1.90.Final]
	at io.netty.channel.nio.NioEventLoop.processSelectedKey(NioEventLoop.java:788) ~[netty-transport-4.1.90.Final.jar:4.1.90.Final]
	at io.netty.channel.nio.NioEventLoop.processSelectedKeysOptimized(NioEventLoop.java:724) ~[netty-transport-4.1.90.Final.jar:4.1.90.Final]
	at io.netty.channel.nio.NioEventLoop.processSelectedKeys(NioEventLoop.java:650) ~[netty-transport-4.1.90.Final.jar:4.1.90.Final]
	at io.netty.channel.nio.NioEventLoop.run(NioEventLoop.java:562) ~[netty-transport-4.1.90.Final.jar:4.1.90.Final]
	at io.netty.util.concurrent.SingleThreadEventExecutor$4.run(SingleThreadEventExecutor.java:997) ~[netty-common-4.1.90.Final.jar:4.1.90.Final]
	at io.netty.util.internal.ThreadExecutorMap$2.run(ThreadExecutorMap.java:74) ~[netty-common-4.1.90.Final.jar:4.1.90.Final]
	at io.netty.util.concurrent.FastThreadLocalRunnable.run(FastThreadLocalRunnable.java:30) ~[netty-common-4.1.90.Final.jar:4.1.90.Final]
	at java.lang.Thread.run(Thread.java:1623) [?:?]
${LOG_PATTERN} java.net.SocketException: Connection reset
	at sun.nio.ch.SocketChannelImpl.throwConnectionReset(SocketChannelImpl.java:401) ~[?:?]
	at sun.nio.ch.SocketChannelImpl.read(SocketChannelImpl.java:434) ~[?:?]
	at io.netty.buffer.PooledByteBuf.setBytes(PooledByteBuf.java:256) ~[netty-buffer-4.1.90.Final.jar:4.1.90.Final]
	at io.netty.buffer.AbstractByteBuf.writeBytes(AbstractByteBuf.java:1132) ~[netty-buffer-4.1.90.Final.jar:4.1.90.Final]
	at io.netty.channel.socket.nio.NioSocketChannel.doReadBytes(NioSocketChannel.java:357) ~[netty-transport-4.1.90.Final.jar:4.1.90.Final]
	at io.netty.channel.nio.AbstractNioByteChannel$NioByteUnsafe.read(AbstractNioByteChannel.java:151) ~[netty-transport-4.1.90.Final.jar:4.1.90.Final]
	at io.netty.channel.nio.NioEventLoop.processSelectedKey(NioEventLoop.java:788) ~[netty-transport-4.1.90.Final.jar:4.1.90.Final]
	at io.netty.channel.nio.NioEventLoop.processSelectedKeysOptimized(NioEventLoop.java:724) ~[netty-transport-4.1.90.Final.jar:4.1.90.Final]
	at io.netty.channel.nio.NioEventLoop.processSelectedKeys(NioEventLoop.java:650) ~[netty-transport-4.1.90.Final.jar:4.1.90.Final]
	at io.netty.channel.nio.NioEventLoop.run(NioEventLoop.java:562) ~[netty-transport-4.1.90.Final.jar:4.1.90.Final]
	at io.netty.util.concurrent.SingleThreadEventExecutor$4.run(SingleThreadEventExecutor.java:997) ~[netty-common-4.1.90.Final.jar:4.1.90.Final]
	at io.netty.util.internal.ThreadExecutorMap$2.run(ThreadExecutorMap.java:74) ~[netty-common-4.1.90.Final.jar:4.1.90.Final]
	at io.netty.util.concurrent.FastThreadLocalRunnable.run(FastThreadLocalRunnable.java:30) ~[netty-common-4.1.90.Final.jar:4.1.90.Final]
	at java.lang.Thread.run(Thread.java:1623) [?:?]
${LOG_PATTERN} java.net.SocketException: Connection reset
	at sun.nio.ch.SocketChannelImpl.throwConnectionReset(SocketChannelImpl.java:401) ~[?:?]
	at sun.nio.ch.SocketChannelImpl.read(SocketChannelImpl.java:434) ~[?:?]
	at io.netty.buffer.PooledByteBuf.setBytes(PooledByteBuf.java:256) ~[netty-buffer-4.1.90.Final.jar:4.1.90.Final]
	at io.netty.buffer.AbstractByteBuf.writeBytes(AbstractByteBuf.java:1132) ~[netty-buffer-4.1.90.Final.jar:4.1.90.Final]
	at io.netty.channel.socket.nio.NioSocketChannel.doReadBytes(NioSocketChannel.java:357) ~[netty-transport-4.1.90.Final.jar:4.1.90.Final]
	at io.netty.channel.nio.AbstractNioByteChannel$NioByteUnsafe.read(AbstractNioByteChannel.java:151) ~[netty-transport-4.1.90.Final.jar:4.1.90.Final]
	at io.netty.channel.nio.NioEventLoop.processSelectedKey(NioEventLoop.java:788) ~[netty-transport-4.1.90.Final.jar:4.1.90.Final]
	at io.netty.channel.nio.NioEventLoop.processSelectedKeysOptimized(NioEventLoop.java:724) ~[netty-transport-4.1.90.Final.jar:4.1.90.Final]
	at io.netty.channel.nio.NioEventLoop.processSelectedKeys(NioEventLoop.java:650) ~[netty-transport-4.1.90.Final.jar:4.1.90.Final]
	at io.netty.channel.nio.NioEventLoop.run(NioEventLoop.java:562) ~[netty-transport-4.1.90.Final.jar:4.1.90.Final]
	at io.netty.util.concurrent.SingleThreadEventExecutor$4.run(SingleThreadEventExecutor.java:997) ~[netty-common-4.1.90.Final.jar:4.1.90.Final]
	at io.netty.util.internal.ThreadExecutorMap$2.run(ThreadExecutorMap.java:74) ~[netty-common-4.1.90.Final.jar:4.1.90.Final]
	at io.netty.util.concurrent.FastThreadLocalRunnable.run(FastThreadLocalRunnable.java:30) ~[netty-common-4.1.90.Final.jar:4.1.90.Final]
	at java.lang.Thread.run(Thread.java:1623) [?:?]
${LOG_PATTERN}${LOG_PATTERN}${LOG_PATTERN}${LOG_PATTERN}${LOG_PATTERN}${LOG_PATTERN} java.net.SocketException: Connection reset
	at sun.nio.ch.SocketChannelImpl.throwConnectionReset(SocketChannelImpl.java:401) ~[?:?]
	at sun.nio.ch.SocketChannelImpl.read(SocketChannelImpl.java:434) ~[?:?]
	at io.netty.buffer.PooledByteBuf.setBytes(PooledByteBuf.java:256) ~[netty-buffer-4.1.90.Final.jar:4.1.90.Final]
	at io.netty.buffer.AbstractByteBuf.writeBytes(AbstractByteBuf.java:1132) ~[netty-buffer-4.1.90.Final.jar:4.1.90.Final]
	at io.netty.channel.socket.nio.NioSocketChannel.doReadBytes(NioSocketChannel.java:357) ~[netty-transport-4.1.90.Final.jar:4.1.90.Final]
	at io.netty.channel.nio.AbstractNioByteChannel$NioByteUnsafe.read(AbstractNioByteChannel.java:151) ~[netty-transport-4.1.90.Final.jar:4.1.90.Final]
	at io.netty.channel.nio.NioEventLoop.processSelectedKey(NioEventLoop.java:788) ~[netty-transport-4.1.90.Final.jar:4.1.90.Final]
	at io.netty.channel.nio.NioEventLoop.processSelectedKeysOptimized(NioEventLoop.java:724) ~[netty-transport-4.1.90.Final.jar:4.1.90.Final]
	at io.netty.channel.nio.NioEventLoop.processSelectedKeys(NioEventLoop.java:650) ~[netty-transport-4.1.90.Final.jar:4.1.90.Final]
	at io.netty.channel.nio.NioEventLoop.run(NioEventLoop.java:562) ~[netty-transport-4.1.90.Final.jar:4.1.90.Final]
	at io.netty.util.concurrent.SingleThreadEventExecutor$4.run(SingleThreadEventExecutor.java:997) ~[netty-common-4.1.90.Final.jar:4.1.90.Final]
	at io.netty.util.internal.ThreadExecutorMap$2.run(ThreadExecutorMap.java:74) ~[netty-common-4.1.90.Final.jar:4.1.90.Final]
	at io.netty.util.concurrent.FastThreadLocalRunnable.run(FastThreadLocalRunnable.java:30) ~[netty-common-4.1.90.Final.jar:4.1.90.Final]
	at java.lang.Thread.run(Thread.java:1623) [?:?]
${LOG_PATTERN}${LOG_PATTERN}${LOG_PATTERN}${LOG_PATTERN}${LOG_PATTERN}${LOG_PATTERN}${LOG_PATTERN}${LOG_PATTERN}${LOG_PATTERN}${LOG_PATTERN}${LOG_PATTERN}${LOG_PATTERN}${LOG_PATTERN}${LOG_PATTERN}${LOG_PATTERN}${LOG_PATTERN}${LOG_PATTERN}${LOG_PATTERN}${LOG_PATTERN}${LOG_PATTERN}${LOG_PATTERN}${LOG_PATTERN}${LOG_PATTERN}${LOG_PATTERN}${LOG_PATTERN}${LOG_PATTERN}${LOG_PATTERN}${LOG_PATTERN}${LOG_PATTERN}${LOG_PATTERN}${LOG_PATTERN}${LOG_PATTERN}${LOG_PATTERN}${LOG_PATTERN}${LOG_PATTERN}${LOG_PATTERN}${LOG_PATTERN}${LOG_PATTERN}${LOG_PATTERN}${LOG_PATTERN}${LOG_PATTERN}${LOG_PATTERN}${LOG_PATTERN}${LOG_PATTERN}${LOG_PATTERN}${LOG_PATTERN}${LOG_PATTERN}${LOG_PATTERN}${LOG_PATTERN}${LOG_PATTERN}${LOG_PATTERN}${LOG_PATTERN}${LOG_PATTERN}${LOG_PATTERN}${LOG_PATTERN}${LOG_PATTERN}${LOG_PATTERN}${LOG_PATTERN}${LOG_PATTERN}${LOG_PATTERN}${LOG_PATTERN}${LOG_PATTERN}${LOG_PATTERN}${LOG_PATTERN}${LOG_PATTERN}${LOG_PATTERN}${LOG_PATTERN}${LOG_PATTERN}${LOG_PATTERN}${LOG_PATTERN}${LOG_PATTERN}${LOG_PATTERN}${LOG_PATTERN}${LOG_PATTERN}${LOG_PATTERN}${LOG_PATTERN}${LOG_PATTERN}${LOG_PATTERN}${LOG_PATTERN}${LOG_PATTERN}${LOG_PATTERN}${LOG_PATTERN}${LOG_PATTERN}${LOG_PATTERN}${LOG_PATTERN}${LOG_PATTERN}${LOG_PATTERN}${LOG_PATTERN}${LOG_PATTERN}${LOG_PATTERN} java.lang.UnsupportedOperationException: Reflective setAccessible(true) disabled
	at io.netty.util.internal.ReflectionUtil.trySetAccessible(ReflectionUtil.java:31) ~[netty-common-4.1.90.Final.jar:4.1.90.Final]
	at io.netty.util.internal.PlatformDependent0$5.run(PlatformDependent0.java:288) ~[netty-common-4.1.90.Final.jar:4.1.90.Final]
	at java.security.AccessController.doPrivileged(AccessController.java:319) ~[?:?]
	at io.netty.util.internal.PlatformDependent0.<clinit>(PlatformDependent0.java:282) ~[netty-common-4.1.90.Final.jar:4.1.90.Final]
	at io.netty.util.internal.PlatformDependent.isAndroid(PlatformDependent.java:333) ~[netty-common-4.1.90.Final.jar:4.1.90.Final]
	at io.netty.util.internal.PlatformDependent.<clinit>(PlatformDependent.java:88) ~[netty-common-4.1.90.Final.jar:4.1.90.Final]
	at io.netty.util.HashedWheelTimer.<init>(HashedWheelTimer.java:114) ~[netty-common-4.1.90.Final.jar:4.1.90.Final]
	at io.netty.util.HashedWheelTimer.<init>(HashedWheelTimer.java:251) ~[netty-common-4.1.90.Final.jar:4.1.90.Final]
	at io.netty.util.HashedWheelTimer.<init>(HashedWheelTimer.java:224) ~[netty-common-4.1.90.Final.jar:4.1.90.Final]
	at io.netty.util.HashedWheelTimer.<init>(HashedWheelTimer.java:203) ~[netty-common-4.1.90.Final.jar:4.1.90.Final]
	at org.asynchttpclient.DefaultAsyncHttpClient.newNettyTimer(DefaultAsyncHttpClient.java:111) ~[async-http-client-2.12.3.jar:?]
	at org.asynchttpclient.DefaultAsyncHttpClient.<init>(DefaultAsyncHttpClient.java:90) ~[async-http-client-2.12.3.jar:?]
	at org.asynchttpclient.Dsl.asyncHttpClient(Dsl.java:32) ~[async-http-client-2.12.3.jar:?]
	at org.openqa.selenium.remote.http.netty.NettyClient.createHttpClient(NettyClient.java:94) ~[selenium-remote-driver-4.8.3.jar:?]
	at org.openqa.selenium.remote.http.netty.NettyClient.<clinit>(NettyClient.java:47) ~[selenium-remote-driver-4.8.3.jar:?]
	at org.openqa.selenium.remote.http.netty.NettyClient$Factory.createClient(NettyClient.java:135) ~[selenium-remote-driver-4.8.3.jar:?]
	at com.codeborne.selenide.webdriver.SelenideNettyClientFactory.createClient(SelenideNettyClientFactory.java:30) ~[selenide-core-6.13.0.jar:6.13.0]
	at org.openqa.selenium.remote.HttpCommandExecutor.<init>(HttpCommandExecutor.java:116) ~[selenium-remote-driver-4.8.3.jar:?]
	at org.openqa.selenium.remote.HttpCommandExecutor.<init>(HttpCommandExecutor.java:94) ~[selenium-remote-driver-4.8.3.jar:?]
	at org.openqa.selenium.remote.service.DriverCommandExecutor.<init>(DriverCommandExecutor.java:88) ~[selenium-remote-driver-4.8.3.jar:?]
	at org.openqa.selenium.chromium.ChromiumDriverCommandExecutor.<init>(ChromiumDriverCommandExecutor.java:40) ~[selenium-chromium-driver-4.8.3.jar:?]
	at org.openqa.selenium.chrome.ChromeDriver$ChromeDriverCommandExecutor.<init>(ChromeDriver.java:111) ~[selenium-chrome-driver-4.8.3.jar:?]
	at org.openqa.selenium.chrome.ChromeDriver.generateExecutor(ChromeDriver.java:101) ~[selenium-chrome-driver-4.8.3.jar:?]
	at org.openqa.selenium.chrome.ChromeDriver.<init>(ChromeDriver.java:88) ~[selenium-chrome-driver-4.8.3.jar:?]
	at org.openqa.selenium.chrome.ChromeDriver.<init>(ChromeDriver.java:84) ~[selenium-chrome-driver-4.8.3.jar:?]
	at com.codeborne.selenide.webdriver.ChromeDriverFactory.create(ChromeDriverFactory.java:42) ~[selenide-core-6.13.0.jar:6.13.0]
	at com.codeborne.selenide.webdriver.WebDriverFactory.createWebDriverInstance(WebDriverFactory.java:123) ~[selenide-core-6.13.0.jar:6.13.0]
	at com.codeborne.selenide.webdriver.WebDriverFactory.createWebDriver(WebDriverFactory.java:67) ~[selenide-core-6.13.0.jar:6.13.0]
	at com.codeborne.selenide.drivercommands.CreateDriverCommand.lambda$createDriver$0(CreateDriverCommand.java:76) ~[selenide-core-6.13.0.jar:6.13.0]
	at com.codeborne.selenide.logevents.SelenideLogger.get(SelenideLogger.java:118) ~[selenide-core-6.13.0.jar:6.13.0]
	at com.codeborne.selenide.drivercommands.CreateDriverCommand.createDriver(CreateDriverCommand.java:52) ~[selenide-core-6.13.0.jar:6.13.0]
	at com.codeborne.selenide.impl.WebDriverThreadLocalContainer.createDriver(WebDriverThreadLocalContainer.java:202) ~[selenide-6.13.0.jar:6.13.0]
	at com.codeborne.selenide.impl.WebDriverThreadLocalContainer.createAndRegisterDriver(WebDriverThreadLocalContainer.java:186) ~[selenide-6.13.0.jar:6.13.0]
	at com.codeborne.selenide.impl.WebDriverThreadLocalContainer.getAndCheckWebDriver(WebDriverThreadLocalContainer.java:155) ~[selenide-6.13.0.jar:6.13.0]
	at com.codeborne.selenide.WebDriverRunner.getAndCheckWebDriver(WebDriverRunner.java:130) ~[selenide-6.13.0.jar:6.13.0]
	at com.codeborne.selenide.impl.StaticDriver.getAndCheckWebDriver(StaticDriver.java:65) ~[selenide-6.13.0.jar:6.13.0]
	at com.codeborne.selenide.SelenideDriver.getAndCheckWebDriver(SelenideDriver.java:220) ~[selenide-core-6.13.0.jar:6.13.0]
	at com.codeborne.selenide.logevents.SelenideLogger.run(SelenideLogger.java:105) ~[selenide-core-6.13.0.jar:6.13.0]
	at com.codeborne.selenide.drivercommands.Navigator.open(Navigator.java:89) ~[selenide-core-6.13.0.jar:6.13.0]
	at com.codeborne.selenide.SelenideDriver.open(SelenideDriver.java:97) ~[selenide-core-6.13.0.jar:6.13.0]
	at com.codeborne.selenide.Selenide.open(Selenide.java:129) ~[selenide-6.13.0.jar:6.13.0]
	at com.it_academy.homework6.onliner.framework.DriveManager.initDriver(DriveManager.java:33) ~[classes/:?]
	at com.it_academy.homework6.onliner.framework.DriveManager.configurationBrowser(DriveManager.java:19) ~[classes/:?]
	at com.it_academy.homework6.onliner.page_object.BasePage.<init>(BasePage.java:8) ~[classes/:?]
	at com.it_academy.homework6.onliner.page_object.pages.Header.<init>(Header.java:11) ~[classes/:?]
	at com.it_academy.homework6.web.ProductPageTest.createForTestProductPage(ProductPageTest.java:33) ~[test-classes/:?]
	at jdk.internal.reflect.DirectMethodHandleAccessor.invoke(DirectMethodHandleAccessor.java:104) ~[?:?]
	at java.lang.reflect.Method.invoke(Method.java:578) ~[?:?]
	at org.testng.internal.invokers.MethodInvocationHelper.invokeMethod(MethodInvocationHelper.java:139) ~[testng-7.7.0.jar:7.7.0]
	at org.testng.internal.invokers.MethodInvocationHelper.invokeMethodConsideringTimeout(MethodInvocationHelper.java:69) ~[testng-7.7.0.jar:7.7.0]
	at org.testng.internal.invokers.ConfigInvoker.invokeConfigurationMethod(ConfigInvoker.java:361) ~[testng-7.7.0.jar:7.7.0]
	at org.testng.internal.invokers.ConfigInvoker.invokeConfigurations(ConfigInvoker.java:296) ~[testng-7.7.0.jar:7.7.0]
	at org.testng.internal.invokers.TestMethodWorker.invokeBeforeClassMethods(TestMethodWorker.java:180) ~[testng-7.7.0.jar:7.7.0]
	at org.testng.internal.invokers.TestMethodWorker.run(TestMethodWorker.java:122) ~[testng-7.7.0.jar:7.7.0]
	at java.util.ArrayList.forEach(ArrayList.java:1511) [?:?]
	at org.testng.TestRunner.privateRun(TestRunner.java:829) [testng-7.7.0.jar:7.7.0]
	at org.testng.TestRunner.run(TestRunner.java:602) [testng-7.7.0.jar:7.7.0]
	at org.testng.SuiteRunner.runTest(SuiteRunner.java:437) [testng-7.7.0.jar:7.7.0]
	at org.testng.SuiteRunner.runSequentially(SuiteRunner.java:431) [testng-7.7.0.jar:7.7.0]
	at org.testng.SuiteRunner.privateRun(SuiteRunner.java:391) [testng-7.7.0.jar:7.7.0]
	at org.testng.SuiteRunner.run(SuiteRunner.java:330) [testng-7.7.0.jar:7.7.0]
	at org.testng.SuiteRunnerWorker.runSuite(SuiteRunnerWorker.java:52) [testng-7.7.0.jar:7.7.0]
	at org.testng.SuiteRunnerWorker.run(SuiteRunnerWorker.java:95) [testng-7.7.0.jar:7.7.0]
	at org.testng.TestNG.runSuitesSequentially(TestNG.java:1256) [testng-7.7.0.jar:7.7.0]
	at org.testng.TestNG.runSuitesLocally(TestNG.java:1176) [testng-7.7.0.jar:7.7.0]
	at org.testng.TestNG.runSuites(TestNG.java:1099) [testng-7.7.0.jar:7.7.0]
	at org.testng.TestNG.run(TestNG.java:1067) [testng-7.7.0.jar:7.7.0]
	at com.intellij.rt.testng.IDEARemoteTestNG.run(IDEARemoteTestNG.java:66) [testng-rt.jar:?]
	at com.intellij.rt.testng.RemoteTestNGStarter.main(RemoteTestNGStarter.java:109) [testng-rt.jar:?]
${LOG_PATTERN}${LOG_PATTERN} java.lang.IllegalAccessException: class io.netty.util.internal.PlatformDependent0$7 cannot access class jdk.internal.misc.Unsafe (in module java.base) because module java.base does not export jdk.internal.misc to unnamed module @3bd40a57
	at jdk.internal.reflect.Reflection.newIllegalAccessException(Reflection.java:394) ~[?:?]
	at java.lang.reflect.AccessibleObject.checkAccess(AccessibleObject.java:709) ~[?:?]
	at java.lang.reflect.Method.invoke(Method.java:569) ~[?:?]
	at io.netty.util.internal.PlatformDependent0$7.run(PlatformDependent0.java:410) ~[netty-common-4.1.90.Final.jar:4.1.90.Final]
	at java.security.AccessController.doPrivileged(AccessController.java:319) ~[?:?]
	at io.netty.util.internal.PlatformDependent0.<clinit>(PlatformDependent0.java:401) ~[netty-common-4.1.90.Final.jar:4.1.90.Final]
	at io.netty.util.internal.PlatformDependent.isAndroid(PlatformDependent.java:333) ~[netty-common-4.1.90.Final.jar:4.1.90.Final]
	at io.netty.util.internal.PlatformDependent.<clinit>(PlatformDependent.java:88) ~[netty-common-4.1.90.Final.jar:4.1.90.Final]
	at io.netty.util.HashedWheelTimer.<init>(HashedWheelTimer.java:114) ~[netty-common-4.1.90.Final.jar:4.1.90.Final]
	at io.netty.util.HashedWheelTimer.<init>(HashedWheelTimer.java:251) ~[netty-common-4.1.90.Final.jar:4.1.90.Final]
	at io.netty.util.HashedWheelTimer.<init>(HashedWheelTimer.java:224) ~[netty-common-4.1.90.Final.jar:4.1.90.Final]
	at io.netty.util.HashedWheelTimer.<init>(HashedWheelTimer.java:203) ~[netty-common-4.1.90.Final.jar:4.1.90.Final]
	at org.asynchttpclient.DefaultAsyncHttpClient.newNettyTimer(DefaultAsyncHttpClient.java:111) ~[async-http-client-2.12.3.jar:?]
	at org.asynchttpclient.DefaultAsyncHttpClient.<init>(DefaultAsyncHttpClient.java:90) ~[async-http-client-2.12.3.jar:?]
	at org.asynchttpclient.Dsl.asyncHttpClient(Dsl.java:32) ~[async-http-client-2.12.3.jar:?]
	at org.openqa.selenium.remote.http.netty.NettyClient.createHttpClient(NettyClient.java:94) ~[selenium-remote-driver-4.8.3.jar:?]
	at org.openqa.selenium.remote.http.netty.NettyClient.<clinit>(NettyClient.java:47) ~[selenium-remote-driver-4.8.3.jar:?]
	at org.openqa.selenium.remote.http.netty.NettyClient$Factory.createClient(NettyClient.java:135) ~[selenium-remote-driver-4.8.3.jar:?]
	at com.codeborne.selenide.webdriver.SelenideNettyClientFactory.createClient(SelenideNettyClientFactory.java:30) ~[selenide-core-6.13.0.jar:6.13.0]
	at org.openqa.selenium.remote.HttpCommandExecutor.<init>(HttpCommandExecutor.java:116) ~[selenium-remote-driver-4.8.3.jar:?]
	at org.openqa.selenium.remote.HttpCommandExecutor.<init>(HttpCommandExecutor.java:94) ~[selenium-remote-driver-4.8.3.jar:?]
	at org.openqa.selenium.remote.service.DriverCommandExecutor.<init>(DriverCommandExecutor.java:88) ~[selenium-remote-driver-4.8.3.jar:?]
	at org.openqa.selenium.chromium.ChromiumDriverCommandExecutor.<init>(ChromiumDriverCommandExecutor.java:40) ~[selenium-chromium-driver-4.8.3.jar:?]
	at org.openqa.selenium.chrome.ChromeDriver$ChromeDriverCommandExecutor.<init>(ChromeDriver.java:111) ~[selenium-chrome-driver-4.8.3.jar:?]
	at org.openqa.selenium.chrome.ChromeDriver.generateExecutor(ChromeDriver.java:101) ~[selenium-chrome-driver-4.8.3.jar:?]
	at org.openqa.selenium.chrome.ChromeDriver.<init>(ChromeDriver.java:88) ~[selenium-chrome-driver-4.8.3.jar:?]
	at org.openqa.selenium.chrome.ChromeDriver.<init>(ChromeDriver.java:84) ~[selenium-chrome-driver-4.8.3.jar:?]
	at com.codeborne.selenide.webdriver.ChromeDriverFactory.create(ChromeDriverFactory.java:42) ~[selenide-core-6.13.0.jar:6.13.0]
	at com.codeborne.selenide.webdriver.WebDriverFactory.createWebDriverInstance(WebDriverFactory.java:123) ~[selenide-core-6.13.0.jar:6.13.0]
	at com.codeborne.selenide.webdriver.WebDriverFactory.createWebDriver(WebDriverFactory.java:67) ~[selenide-core-6.13.0.jar:6.13.0]
	at com.codeborne.selenide.drivercommands.CreateDriverCommand.lambda$createDriver$0(CreateDriverCommand.java:76) ~[selenide-core-6.13.0.jar:6.13.0]
	at com.codeborne.selenide.logevents.SelenideLogger.get(SelenideLogger.java:118) ~[selenide-core-6.13.0.jar:6.13.0]
	at com.codeborne.selenide.drivercommands.CreateDriverCommand.createDriver(CreateDriverCommand.java:52) ~[selenide-core-6.13.0.jar:6.13.0]
	at com.codeborne.selenide.impl.WebDriverThreadLocalContainer.createDriver(WebDriverThreadLocalContainer.java:202) ~[selenide-6.13.0.jar:6.13.0]
	at com.codeborne.selenide.impl.WebDriverThreadLocalContainer.createAndRegisterDriver(WebDriverThreadLocalContainer.java:186) ~[selenide-6.13.0.jar:6.13.0]
	at com.codeborne.selenide.impl.WebDriverThreadLocalContainer.getAndCheckWebDriver(WebDriverThreadLocalContainer.java:155) ~[selenide-6.13.0.jar:6.13.0]
	at com.codeborne.selenide.WebDriverRunner.getAndCheckWebDriver(WebDriverRunner.java:130) ~[selenide-6.13.0.jar:6.13.0]
	at com.codeborne.selenide.impl.StaticDriver.getAndCheckWebDriver(StaticDriver.java:65) ~[selenide-6.13.0.jar:6.13.0]
	at com.codeborne.selenide.SelenideDriver.getAndCheckWebDriver(SelenideDriver.java:220) ~[selenide-core-6.13.0.jar:6.13.0]
	at com.codeborne.selenide.logevents.SelenideLogger.run(SelenideLogger.java:105) ~[selenide-core-6.13.0.jar:6.13.0]
	at com.codeborne.selenide.drivercommands.Navigator.open(Navigator.java:89) ~[selenide-core-6.13.0.jar:6.13.0]
	at com.codeborne.selenide.SelenideDriver.open(SelenideDriver.java:97) ~[selenide-core-6.13.0.jar:6.13.0]
	at com.codeborne.selenide.Selenide.open(Selenide.java:129) ~[selenide-6.13.0.jar:6.13.0]
	at com.it_academy.homework6.onliner.framework.DriveManager.initDriver(DriveManager.java:33) ~[classes/:?]
	at com.it_academy.homework6.onliner.framework.DriveManager.configurationBrowser(DriveManager.java:19) ~[classes/:?]
	at com.it_academy.homework6.onliner.page_object.BasePage.<init>(BasePage.java:8) ~[classes/:?]
	at com.it_academy.homework6.onliner.page_object.pages.Header.<init>(Header.java:11) ~[classes/:?]
	at com.it_academy.homework6.web.ProductPageTest.createForTestProductPage(ProductPageTest.java:33) ~[test-classes/:?]
	at jdk.internal.reflect.DirectMethodHandleAccessor.invoke(DirectMethodHandleAccessor.java:104) ~[?:?]
	at java.lang.reflect.Method.invoke(Method.java:578) ~[?:?]
	at org.testng.internal.invokers.MethodInvocationHelper.invokeMethod(MethodInvocationHelper.java:139) ~[testng-7.7.0.jar:7.7.0]
	at org.testng.internal.invokers.MethodInvocationHelper.invokeMethodConsideringTimeout(MethodInvocationHelper.java:69) ~[testng-7.7.0.jar:7.7.0]
	at org.testng.internal.invokers.ConfigInvoker.invokeConfigurationMethod(ConfigInvoker.java:361) ~[testng-7.7.0.jar:7.7.0]
	at org.testng.internal.invokers.ConfigInvoker.invokeConfigurations(ConfigInvoker.java:296) ~[testng-7.7.0.jar:7.7.0]
	at org.testng.internal.invokers.TestMethodWorker.invokeBeforeClassMethods(TestMethodWorker.java:180) ~[testng-7.7.0.jar:7.7.0]
	at org.testng.internal.invokers.TestMethodWorker.run(TestMethodWorker.java:122) ~[testng-7.7.0.jar:7.7.0]
	at java.util.ArrayList.forEach(ArrayList.java:1511) [?:?]
	at org.testng.TestRunner.privateRun(TestRunner.java:829) [testng-7.7.0.jar:7.7.0]
	at org.testng.TestRunner.run(TestRunner.java:602) [testng-7.7.0.jar:7.7.0]
	at org.testng.SuiteRunner.runTest(SuiteRunner.java:437) [testng-7.7.0.jar:7.7.0]
	at org.testng.SuiteRunner.runSequentially(SuiteRunner.java:431) [testng-7.7.0.jar:7.7.0]
	at org.testng.SuiteRunner.privateRun(SuiteRunner.java:391) [testng-7.7.0.jar:7.7.0]
	at org.testng.SuiteRunner.run(SuiteRunner.java:330) [testng-7.7.0.jar:7.7.0]
	at org.testng.SuiteRunnerWorker.runSuite(SuiteRunnerWorker.java:52) [testng-7.7.0.jar:7.7.0]
	at org.testng.SuiteRunnerWorker.run(SuiteRunnerWorker.java:95) [testng-7.7.0.jar:7.7.0]
	at org.testng.TestNG.runSuitesSequentially(TestNG.java:1256) [testng-7.7.0.jar:7.7.0]
	at org.testng.TestNG.runSuitesLocally(TestNG.java:1176) [testng-7.7.0.jar:7.7.0]
	at org.testng.TestNG.runSuites(TestNG.java:1099) [testng-7.7.0.jar:7.7.0]
	at org.testng.TestNG.run(TestNG.java:1067) [testng-7.7.0.jar:7.7.0]
	at com.intellij.rt.testng.IDEARemoteTestNG.run(IDEARemoteTestNG.java:66) [testng-rt.jar:?]
	at com.intellij.rt.testng.RemoteTestNGStarter.main(RemoteTestNGStarter.java:109) [testng-rt.jar:?]
${LOG_PATTERN}${LOG_PATTERN}${LOG_PATTERN}${LOG_PATTERN}${LOG_PATTERN}${LOG_PATTERN}${LOG_PATTERN}${LOG_PATTERN}${LOG_PATTERN}${LOG_PATTERN}${LOG_PATTERN}${LOG_PATTERN}${LOG_PATTERN}${LOG_PATTERN}${LOG_PATTERN}${LOG_PATTERN}${LOG_PATTERN}${LOG_PATTERN}${LOG_PATTERN}${LOG_PATTERN}${LOG_PATTERN}${LOG_PATTERN}${LOG_PATTERN}${LOG_PATTERN}${LOG_PATTERN}${LOG_PATTERN}${LOG_PATTERN}${LOG_PATTERN}${LOG_PATTERN}${LOG_PATTERN}${LOG_PATTERN}${LOG_PATTERN}${LOG_PATTERN}${LOG_PATTERN}${LOG_PATTERN}${LOG_PATTERN}${LOG_PATTERN}${LOG_PATTERN}${LOG_PATTERN}${LOG_PATTERN}${LOG_PATTERN}${LOG_PATTERN}${LOG_PATTERN}${LOG_PATTERN}${LOG_PATTERN}${LOG_PATTERN}${LOG_PATTERN}${LOG_PATTERN}${LOG_PATTERN}${LOG_PATTERN}${LOG_PATTERN}${LOG_PATTERN}${LOG_PATTERN}${LOG_PATTERN}${LOG_PATTERN}${LOG_PATTERN}${LOG_PATTERN}${LOG_PATTERN}${LOG_PATTERN}${LOG_PATTERN}${LOG_PATTERN}${LOG_PATTERN}${LOG_PATTERN}${LOG_PATTERN}${LOG_PATTERN}${LOG_PATTERN}${LOG_PATTERN}${LOG_PATTERN}${LOG_PATTERN}${LOG_PATTERN}${LOG_PATTERN}${LOG_PATTERN}${LOG_PATTERN}${LOG_PATTERN}${LOG_PATTERN}${LOG_PATTERN}${LOG_PATTERN}${LOG_PATTERN}${LOG_PATTERN}${LOG_PATTERN}${LOG_PATTERN}${LOG_PATTERN}${LOG_PATTERN}${LOG_PATTERN}${LOG_PATTERN}${LOG_PATTERN}${LOG_PATTERN}${LOG_PATTERN}${LOG_PATTERN}${LOG_PATTERN}${LOG_PATTERN}${LOG_PATTERN}${LOG_PATTERN}${LOG_PATTERN}${LOG_PATTERN}${LOG_PATTERN}${LOG_PATTERN}${LOG_PATTERN}${LOG_PATTERN}${LOG_PATTERN}${LOG_PATTERN}${LOG_PATTERN}${LOG_PATTERN}${LOG_PATTERN}${LOG_PATTERN}${LOG_PATTERN}${LOG_PATTERN}${LOG_PATTERN}${LOG_PATTERN}${LOG_PATTERN}${LOG_PATTERN}${LOG_PATTERN}${LOG_PATTERN}${LOG_PATTERN}${LOG_PATTERN}${LOG_PATTERN}${LOG_PATTERN}${LOG_PATTERN}${LOG_PATTERN}${LOG_PATTERN}${LOG_PATTERN}${LOG_PATTERN}${LOG_PATTERN}${LOG_PATTERN}${LOG_PATTERN}${LOG_PATTERN}${LOG_PATTERN}${LOG_PATTERN}${LOG_PATTERN}${LOG_PATTERN}${LOG_PATTERN}${LOG_PATTERN}${LOG_PATTERN}${LOG_PATTERN}${LOG_PATTERN}${LOG_PATTERN}${LOG_PATTERN}${LOG_PATTERN}${LOG_PATTERN}${LOG_PATTERN}${LOG_PATTERN}${LOG_PATTERN}${LOG_PATTERN}${LOG_PATTERN}${LOG_PATTERN}${LOG_PATTERN}${LOG_PATTERN}${LOG_PATTERN}${LOG_PATTERN}${LOG_PATTERN}${LOG_PATTERN}${LOG_PATTERN}${LOG_PATTERN}${LOG_PATTERN}${LOG_PATTERN}${LOG_PATTERN}${LOG_PATTERN}${LOG_PATTERN}${LOG_PATTERN}${LOG_PATTERN}${LOG_PATTERN}${LOG_PATTERN}${LOG_PATTERN}${LOG_PATTERN}${LOG_PATTERN}${LOG_PATTERN}${LOG_PATTERN}${LOG_PATTERN}${LOG_PATTERN}${LOG_PATTERN}${LOG_PATTERN}${LOG_PATTERN}${LOG_PATTERN}${LOG_PATTERN}${LOG_PATTERN}${LOG_PATTERN}${LOG_PATTERN}${LOG_PATTERN}${LOG_PATTERN}${LOG_PATTERN}${LOG_PATTERN}${LOG_PATTERN}${LOG_PATTERN}${LOG_PATTERN}${LOG_PATTERN}${LOG_PATTERN}${LOG_PATTERN}${LOG_PATTERN}${LOG_PATTERN}${LOG_PATTERN}${LOG_PATTERN}${LOG_PATTERN}${LOG_PATTERN}${LOG_PATTERN}${LOG_PATTERN}${LOG_PATTERN}${LOG_PATTERN}${LOG_PATTERN}${LOG_PATTERN}${LOG_PATTERN}${LOG_PATTERN}${LOG_PATTERN}${LOG_PATTERN}${LOG_PATTERN}${LOG_PATTERN}${LOG_PATTERN}${LOG_PATTERN}${LOG_PATTERN}${LOG_PATTERN}${LOG_PATTERN}${LOG_PATTERN}${LOG_PATTERN}${LOG_PATTERN}${LOG_PATTERN}${LOG_PATTERN}${LOG_PATTERN}${LOG_PATTERN}${LOG_PATTERN}${LOG_PATTERN}${LOG_PATTERN}${LOG_PATTERN}${LOG_PATTERN}${LOG_PATTERN}${LOG_PATTERN}${LOG_PATTERN}${LOG_PATTERN}${LOG_PATTERN}${LOG_PATTERN}${LOG_PATTERN}${LOG_PATTERN}${LOG_PATTERN}${LOG_PATTERN}${LOG_PATTERN}${LOG_PATTERN}${LOG_PATTERN}${LOG_PATTERN}${LOG_PATTERN}${LOG_PATTERN} java.lang.UnsupportedOperationException: Reflective setAccessible(true) disabled
	at io.netty.util.internal.ReflectionUtil.trySetAccessible(ReflectionUtil.java:31) ~[netty-common-4.1.90.Final.jar:4.1.90.Final]
	at io.netty.util.internal.PlatformDependent0$5.run(PlatformDependent0.java:288) ~[netty-common-4.1.90.Final.jar:4.1.90.Final]
	at java.security.AccessController.doPrivileged(AccessController.java:319) ~[?:?]
	at io.netty.util.internal.PlatformDependent0.<clinit>(PlatformDependent0.java:282) ~[netty-common-4.1.90.Final.jar:4.1.90.Final]
	at io.netty.util.internal.PlatformDependent.isAndroid(PlatformDependent.java:333) ~[netty-common-4.1.90.Final.jar:4.1.90.Final]
	at io.netty.util.internal.PlatformDependent.<clinit>(PlatformDependent.java:88) ~[netty-common-4.1.90.Final.jar:4.1.90.Final]
	at io.netty.util.HashedWheelTimer.<init>(HashedWheelTimer.java:114) ~[netty-common-4.1.90.Final.jar:4.1.90.Final]
	at io.netty.util.HashedWheelTimer.<init>(HashedWheelTimer.java:251) ~[netty-common-4.1.90.Final.jar:4.1.90.Final]
	at io.netty.util.HashedWheelTimer.<init>(HashedWheelTimer.java:224) ~[netty-common-4.1.90.Final.jar:4.1.90.Final]
	at io.netty.util.HashedWheelTimer.<init>(HashedWheelTimer.java:203) ~[netty-common-4.1.90.Final.jar:4.1.90.Final]
	at org.asynchttpclient.DefaultAsyncHttpClient.newNettyTimer(DefaultAsyncHttpClient.java:111) ~[async-http-client-2.12.3.jar:?]
	at org.asynchttpclient.DefaultAsyncHttpClient.<init>(DefaultAsyncHttpClient.java:90) ~[async-http-client-2.12.3.jar:?]
	at org.asynchttpclient.Dsl.asyncHttpClient(Dsl.java:32) ~[async-http-client-2.12.3.jar:?]
	at org.openqa.selenium.remote.http.netty.NettyClient.createHttpClient(NettyClient.java:94) ~[selenium-remote-driver-4.8.3.jar:?]
	at org.openqa.selenium.remote.http.netty.NettyClient.<clinit>(NettyClient.java:47) ~[selenium-remote-driver-4.8.3.jar:?]
	at org.openqa.selenium.remote.http.netty.NettyClient$Factory.createClient(NettyClient.java:135) ~[selenium-remote-driver-4.8.3.jar:?]
	at com.codeborne.selenide.webdriver.SelenideNettyClientFactory.createClient(SelenideNettyClientFactory.java:30) ~[selenide-core-6.13.0.jar:6.13.0]
	at org.openqa.selenium.remote.HttpCommandExecutor.<init>(HttpCommandExecutor.java:116) ~[selenium-remote-driver-4.8.3.jar:?]
	at org.openqa.selenium.remote.HttpCommandExecutor.<init>(HttpCommandExecutor.java:94) ~[selenium-remote-driver-4.8.3.jar:?]
	at org.openqa.selenium.remote.service.DriverCommandExecutor.<init>(DriverCommandExecutor.java:88) ~[selenium-remote-driver-4.8.3.jar:?]
	at org.openqa.selenium.chromium.ChromiumDriverCommandExecutor.<init>(ChromiumDriverCommandExecutor.java:40) ~[selenium-chromium-driver-4.8.3.jar:?]
	at org.openqa.selenium.chrome.ChromeDriver$ChromeDriverCommandExecutor.<init>(ChromeDriver.java:111) ~[selenium-chrome-driver-4.8.3.jar:?]
	at org.openqa.selenium.chrome.ChromeDriver.generateExecutor(ChromeDriver.java:101) ~[selenium-chrome-driver-4.8.3.jar:?]
	at org.openqa.selenium.chrome.ChromeDriver.<init>(ChromeDriver.java:88) ~[selenium-chrome-driver-4.8.3.jar:?]
	at org.openqa.selenium.chrome.ChromeDriver.<init>(ChromeDriver.java:84) ~[selenium-chrome-driver-4.8.3.jar:?]
	at com.codeborne.selenide.webdriver.ChromeDriverFactory.create(ChromeDriverFactory.java:42) ~[selenide-core-6.13.0.jar:6.13.0]
	at com.codeborne.selenide.webdriver.WebDriverFactory.createWebDriverInstance(WebDriverFactory.java:123) ~[selenide-core-6.13.0.jar:6.13.0]
	at com.codeborne.selenide.webdriver.WebDriverFactory.createWebDriver(WebDriverFactory.java:67) ~[selenide-core-6.13.0.jar:6.13.0]
	at com.codeborne.selenide.drivercommands.CreateDriverCommand.lambda$createDriver$0(CreateDriverCommand.java:76) ~[selenide-core-6.13.0.jar:6.13.0]
	at com.codeborne.selenide.logevents.SelenideLogger.get(SelenideLogger.java:118) ~[selenide-core-6.13.0.jar:6.13.0]
	at com.codeborne.selenide.drivercommands.CreateDriverCommand.createDriver(CreateDriverCommand.java:52) ~[selenide-core-6.13.0.jar:6.13.0]
	at com.codeborne.selenide.impl.WebDriverThreadLocalContainer.createDriver(WebDriverThreadLocalContainer.java:202) ~[selenide-6.13.0.jar:6.13.0]
	at com.codeborne.selenide.impl.WebDriverThreadLocalContainer.createAndRegisterDriver(WebDriverThreadLocalContainer.java:186) ~[selenide-6.13.0.jar:6.13.0]
	at com.codeborne.selenide.impl.WebDriverThreadLocalContainer.getAndCheckWebDriver(WebDriverThreadLocalContainer.java:155) ~[selenide-6.13.0.jar:6.13.0]
	at com.codeborne.selenide.WebDriverRunner.getAndCheckWebDriver(WebDriverRunner.java:130) ~[selenide-6.13.0.jar:6.13.0]
	at com.codeborne.selenide.impl.StaticDriver.getAndCheckWebDriver(StaticDriver.java:65) ~[selenide-6.13.0.jar:6.13.0]
	at com.codeborne.selenide.SelenideDriver.getAndCheckWebDriver(SelenideDriver.java:220) ~[selenide-core-6.13.0.jar:6.13.0]
	at com.codeborne.selenide.logevents.SelenideLogger.run(SelenideLogger.java:105) ~[selenide-core-6.13.0.jar:6.13.0]
	at com.codeborne.selenide.drivercommands.Navigator.open(Navigator.java:89) ~[selenide-core-6.13.0.jar:6.13.0]
	at com.codeborne.selenide.SelenideDriver.open(SelenideDriver.java:97) ~[selenide-core-6.13.0.jar:6.13.0]
	at com.codeborne.selenide.Selenide.open(Selenide.java:129) ~[selenide-6.13.0.jar:6.13.0]
	at com.it_academy.homework6.onliner.framework.DriveManager.initDriver(DriveManager.java:33) ~[classes/:?]
	at com.it_academy.homework6.onliner.framework.DriveManager.configurationBrowser(DriveManager.java:19) ~[classes/:?]
	at com.it_academy.homework6.onliner.page_object.BasePage.<init>(BasePage.java:8) ~[classes/:?]
	at com.it_academy.homework6.onliner.page_object.pages.Header.<init>(Header.java:11) ~[classes/:?]
	at com.it_academy.homework6.web.ProductPageTest.createForTestProductPage(ProductPageTest.java:33) ~[test-classes/:?]
	at jdk.internal.reflect.DirectMethodHandleAccessor.invoke(DirectMethodHandleAccessor.java:104) ~[?:?]
	at java.lang.reflect.Method.invoke(Method.java:578) ~[?:?]
	at org.testng.internal.invokers.MethodInvocationHelper.invokeMethod(MethodInvocationHelper.java:139) ~[testng-7.7.0.jar:7.7.0]
	at org.testng.internal.invokers.MethodInvocationHelper.invokeMethodConsideringTimeout(MethodInvocationHelper.java:69) ~[testng-7.7.0.jar:7.7.0]
	at org.testng.internal.invokers.ConfigInvoker.invokeConfigurationMethod(ConfigInvoker.java:361) ~[testng-7.7.0.jar:7.7.0]
	at org.testng.internal.invokers.ConfigInvoker.invokeConfigurations(ConfigInvoker.java:296) ~[testng-7.7.0.jar:7.7.0]
	at org.testng.internal.invokers.TestMethodWorker.invokeBeforeClassMethods(TestMethodWorker.java:180) ~[testng-7.7.0.jar:7.7.0]
	at org.testng.internal.invokers.TestMethodWorker.run(TestMethodWorker.java:122) ~[testng-7.7.0.jar:7.7.0]
	at java.util.ArrayList.forEach(ArrayList.java:1511) [?:?]
	at org.testng.TestRunner.privateRun(TestRunner.java:829) [testng-7.7.0.jar:7.7.0]
	at org.testng.TestRunner.run(TestRunner.java:602) [testng-7.7.0.jar:7.7.0]
	at org.testng.SuiteRunner.runTest(SuiteRunner.java:437) [testng-7.7.0.jar:7.7.0]
	at org.testng.SuiteRunner.runSequentially(SuiteRunner.java:431) [testng-7.7.0.jar:7.7.0]
	at org.testng.SuiteRunner.privateRun(SuiteRunner.java:391) [testng-7.7.0.jar:7.7.0]
	at org.testng.SuiteRunner.run(SuiteRunner.java:330) [testng-7.7.0.jar:7.7.0]
	at org.testng.SuiteRunnerWorker.runSuite(SuiteRunnerWorker.java:52) [testng-7.7.0.jar:7.7.0]
	at org.testng.SuiteRunnerWorker.run(SuiteRunnerWorker.java:95) [testng-7.7.0.jar:7.7.0]
	at org.testng.TestNG.runSuitesSequentially(TestNG.java:1256) [testng-7.7.0.jar:7.7.0]
	at org.testng.TestNG.runSuitesLocally(TestNG.java:1176) [testng-7.7.0.jar:7.7.0]
	at org.testng.TestNG.runSuites(TestNG.java:1099) [testng-7.7.0.jar:7.7.0]
	at org.testng.TestNG.run(TestNG.java:1067) [testng-7.7.0.jar:7.7.0]
	at com.intellij.rt.testng.IDEARemoteTestNG.run(IDEARemoteTestNG.java:66) [testng-rt.jar:?]
	at com.intellij.rt.testng.RemoteTestNGStarter.main(RemoteTestNGStarter.java:109) [testng-rt.jar:?]
${LOG_PATTERN}${LOG_PATTERN} java.lang.IllegalAccessException: class io.netty.util.internal.PlatformDependent0$7 cannot access class jdk.internal.misc.Unsafe (in module java.base) because module java.base does not export jdk.internal.misc to unnamed module @3bd40a57
	at jdk.internal.reflect.Reflection.newIllegalAccessException(Reflection.java:394) ~[?:?]
	at java.lang.reflect.AccessibleObject.checkAccess(AccessibleObject.java:709) ~[?:?]
	at java.lang.reflect.Method.invoke(Method.java:569) ~[?:?]
	at io.netty.util.internal.PlatformDependent0$7.run(PlatformDependent0.java:410) ~[netty-common-4.1.90.Final.jar:4.1.90.Final]
	at java.security.AccessController.doPrivileged(AccessController.java:319) ~[?:?]
	at io.netty.util.internal.PlatformDependent0.<clinit>(PlatformDependent0.java:401) ~[netty-common-4.1.90.Final.jar:4.1.90.Final]
	at io.netty.util.internal.PlatformDependent.isAndroid(PlatformDependent.java:333) ~[netty-common-4.1.90.Final.jar:4.1.90.Final]
	at io.netty.util.internal.PlatformDependent.<clinit>(PlatformDependent.java:88) ~[netty-common-4.1.90.Final.jar:4.1.90.Final]
	at io.netty.util.HashedWheelTimer.<init>(HashedWheelTimer.java:114) ~[netty-common-4.1.90.Final.jar:4.1.90.Final]
	at io.netty.util.HashedWheelTimer.<init>(HashedWheelTimer.java:251) ~[netty-common-4.1.90.Final.jar:4.1.90.Final]
	at io.netty.util.HashedWheelTimer.<init>(HashedWheelTimer.java:224) ~[netty-common-4.1.90.Final.jar:4.1.90.Final]
	at io.netty.util.HashedWheelTimer.<init>(HashedWheelTimer.java:203) ~[netty-common-4.1.90.Final.jar:4.1.90.Final]
	at org.asynchttpclient.DefaultAsyncHttpClient.newNettyTimer(DefaultAsyncHttpClient.java:111) ~[async-http-client-2.12.3.jar:?]
	at org.asynchttpclient.DefaultAsyncHttpClient.<init>(DefaultAsyncHttpClient.java:90) ~[async-http-client-2.12.3.jar:?]
	at org.asynchttpclient.Dsl.asyncHttpClient(Dsl.java:32) ~[async-http-client-2.12.3.jar:?]
	at org.openqa.selenium.remote.http.netty.NettyClient.createHttpClient(NettyClient.java:94) ~[selenium-remote-driver-4.8.3.jar:?]
	at org.openqa.selenium.remote.http.netty.NettyClient.<clinit>(NettyClient.java:47) ~[selenium-remote-driver-4.8.3.jar:?]
	at org.openqa.selenium.remote.http.netty.NettyClient$Factory.createClient(NettyClient.java:135) ~[selenium-remote-driver-4.8.3.jar:?]
	at com.codeborne.selenide.webdriver.SelenideNettyClientFactory.createClient(SelenideNettyClientFactory.java:30) ~[selenide-core-6.13.0.jar:6.13.0]
	at org.openqa.selenium.remote.HttpCommandExecutor.<init>(HttpCommandExecutor.java:116) ~[selenium-remote-driver-4.8.3.jar:?]
	at org.openqa.selenium.remote.HttpCommandExecutor.<init>(HttpCommandExecutor.java:94) ~[selenium-remote-driver-4.8.3.jar:?]
	at org.openqa.selenium.remote.service.DriverCommandExecutor.<init>(DriverCommandExecutor.java:88) ~[selenium-remote-driver-4.8.3.jar:?]
	at org.openqa.selenium.chromium.ChromiumDriverCommandExecutor.<init>(ChromiumDriverCommandExecutor.java:40) ~[selenium-chromium-driver-4.8.3.jar:?]
	at org.openqa.selenium.chrome.ChromeDriver$ChromeDriverCommandExecutor.<init>(ChromeDriver.java:111) ~[selenium-chrome-driver-4.8.3.jar:?]
	at org.openqa.selenium.chrome.ChromeDriver.generateExecutor(ChromeDriver.java:101) ~[selenium-chrome-driver-4.8.3.jar:?]
	at org.openqa.selenium.chrome.ChromeDriver.<init>(ChromeDriver.java:88) ~[selenium-chrome-driver-4.8.3.jar:?]
	at org.openqa.selenium.chrome.ChromeDriver.<init>(ChromeDriver.java:84) ~[selenium-chrome-driver-4.8.3.jar:?]
	at com.codeborne.selenide.webdriver.ChromeDriverFactory.create(ChromeDriverFactory.java:42) ~[selenide-core-6.13.0.jar:6.13.0]
	at com.codeborne.selenide.webdriver.WebDriverFactory.createWebDriverInstance(WebDriverFactory.java:123) ~[selenide-core-6.13.0.jar:6.13.0]
	at com.codeborne.selenide.webdriver.WebDriverFactory.createWebDriver(WebDriverFactory.java:67) ~[selenide-core-6.13.0.jar:6.13.0]
	at com.codeborne.selenide.drivercommands.CreateDriverCommand.lambda$createDriver$0(CreateDriverCommand.java:76) ~[selenide-core-6.13.0.jar:6.13.0]
	at com.codeborne.selenide.logevents.SelenideLogger.get(SelenideLogger.java:118) ~[selenide-core-6.13.0.jar:6.13.0]
	at com.codeborne.selenide.drivercommands.CreateDriverCommand.createDriver(CreateDriverCommand.java:52) ~[selenide-core-6.13.0.jar:6.13.0]
	at com.codeborne.selenide.impl.WebDriverThreadLocalContainer.createDriver(WebDriverThreadLocalContainer.java:202) ~[selenide-6.13.0.jar:6.13.0]
	at com.codeborne.selenide.impl.WebDriverThreadLocalContainer.createAndRegisterDriver(WebDriverThreadLocalContainer.java:186) ~[selenide-6.13.0.jar:6.13.0]
	at com.codeborne.selenide.impl.WebDriverThreadLocalContainer.getAndCheckWebDriver(WebDriverThreadLocalContainer.java:155) ~[selenide-6.13.0.jar:6.13.0]
	at com.codeborne.selenide.WebDriverRunner.getAndCheckWebDriver(WebDriverRunner.java:130) ~[selenide-6.13.0.jar:6.13.0]
	at com.codeborne.selenide.impl.StaticDriver.getAndCheckWebDriver(StaticDriver.java:65) ~[selenide-6.13.0.jar:6.13.0]
	at com.codeborne.selenide.SelenideDriver.getAndCheckWebDriver(SelenideDriver.java:220) ~[selenide-core-6.13.0.jar:6.13.0]
	at com.codeborne.selenide.logevents.SelenideLogger.run(SelenideLogger.java:105) ~[selenide-core-6.13.0.jar:6.13.0]
	at com.codeborne.selenide.drivercommands.Navigator.open(Navigator.java:89) ~[selenide-core-6.13.0.jar:6.13.0]
	at com.codeborne.selenide.SelenideDriver.open(SelenideDriver.java:97) ~[selenide-core-6.13.0.jar:6.13.0]
	at com.codeborne.selenide.Selenide.open(Selenide.java:129) ~[selenide-6.13.0.jar:6.13.0]
	at com.it_academy.homework6.onliner.framework.DriveManager.initDriver(DriveManager.java:33) ~[classes/:?]
	at com.it_academy.homework6.onliner.framework.DriveManager.configurationBrowser(DriveManager.java:19) ~[classes/:?]
	at com.it_academy.homework6.onliner.page_object.BasePage.<init>(BasePage.java:8) ~[classes/:?]
	at com.it_academy.homework6.onliner.page_object.pages.Header.<init>(Header.java:11) ~[classes/:?]
	at com.it_academy.homework6.web.ProductPageTest.createForTestProductPage(ProductPageTest.java:33) ~[test-classes/:?]
	at jdk.internal.reflect.DirectMethodHandleAccessor.invoke(DirectMethodHandleAccessor.java:104) ~[?:?]
	at java.lang.reflect.Method.invoke(Method.java:578) ~[?:?]
	at org.testng.internal.invokers.MethodInvocationHelper.invokeMethod(MethodInvocationHelper.java:139) ~[testng-7.7.0.jar:7.7.0]
	at org.testng.internal.invokers.MethodInvocationHelper.invokeMethodConsideringTimeout(MethodInvocationHelper.java:69) ~[testng-7.7.0.jar:7.7.0]
	at org.testng.internal.invokers.ConfigInvoker.invokeConfigurationMethod(ConfigInvoker.java:361) ~[testng-7.7.0.jar:7.7.0]
	at org.testng.internal.invokers.ConfigInvoker.invokeConfigurations(ConfigInvoker.java:296) ~[testng-7.7.0.jar:7.7.0]
	at org.testng.internal.invokers.TestMethodWorker.invokeBeforeClassMethods(TestMethodWorker.java:180) ~[testng-7.7.0.jar:7.7.0]
	at org.testng.internal.invokers.TestMethodWorker.run(TestMethodWorker.java:122) ~[testng-7.7.0.jar:7.7.0]
	at java.util.ArrayList.forEach(ArrayList.java:1511) [?:?]
	at org.testng.TestRunner.privateRun(TestRunner.java:829) [testng-7.7.0.jar:7.7.0]
	at org.testng.TestRunner.run(TestRunner.java:602) [testng-7.7.0.jar:7.7.0]
	at org.testng.SuiteRunner.runTest(SuiteRunner.java:437) [testng-7.7.0.jar:7.7.0]
	at org.testng.SuiteRunner.runSequentially(SuiteRunner.java:431) [testng-7.7.0.jar:7.7.0]
	at org.testng.SuiteRunner.privateRun(SuiteRunner.java:391) [testng-7.7.0.jar:7.7.0]
	at org.testng.SuiteRunner.run(SuiteRunner.java:330) [testng-7.7.0.jar:7.7.0]
	at org.testng.SuiteRunnerWorker.runSuite(SuiteRunnerWorker.java:52) [testng-7.7.0.jar:7.7.0]
	at org.testng.SuiteRunnerWorker.run(SuiteRunnerWorker.java:95) [testng-7.7.0.jar:7.7.0]
	at org.testng.TestNG.runSuitesSequentially(TestNG.java:1256) [testng-7.7.0.jar:7.7.0]
	at org.testng.TestNG.runSuitesLocally(TestNG.java:1176) [testng-7.7.0.jar:7.7.0]
	at org.testng.TestNG.runSuites(TestNG.java:1099) [testng-7.7.0.jar:7.7.0]
	at org.testng.TestNG.run(TestNG.java:1067) [testng-7.7.0.jar:7.7.0]
	at com.intellij.rt.testng.IDEARemoteTestNG.run(IDEARemoteTestNG.java:66) [testng-rt.jar:?]
	at com.intellij.rt.testng.RemoteTestNGStarter.main(RemoteTestNGStarter.java:109) [testng-rt.jar:?]
${LOG_PATTERN}${LOG_PATTERN}${LOG_PATTERN}${LOG_PATTERN}${LOG_PATTERN}${LOG_PATTERN}${LOG_PATTERN}${LOG_PATTERN}${LOG_PATTERN}${LOG_PATTERN}${LOG_PATTERN}${LOG_PATTERN}${LOG_PATTERN}${LOG_PATTERN}${LOG_PATTERN}${LOG_PATTERN}${LOG_PATTERN}${LOG_PATTERN}${LOG_PATTERN}${LOG_PATTERN}${LOG_PATTERN}${LOG_PATTERN}${LOG_PATTERN}${LOG_PATTERN}${LOG_PATTERN}${LOG_PATTERN}${LOG_PATTERN}${LOG_PATTERN}${LOG_PATTERN}${LOG_PATTERN}${LOG_PATTERN}${LOG_PATTERN}${LOG_PATTERN}${LOG_PATTERN}${LOG_PATTERN}${LOG_PATTERN}${LOG_PATTERN}${LOG_PATTERN}${LOG_PATTERN}${LOG_PATTERN}${LOG_PATTERN}${LOG_PATTERN}${LOG_PATTERN}${LOG_PATTERN}${LOG_PATTERN}${LOG_PATTERN}${LOG_PATTERN}${LOG_PATTERN}${LOG_PATTERN}${LOG_PATTERN}${LOG_PATTERN}${LOG_PATTERN}${LOG_PATTERN}${LOG_PATTERN}${LOG_PATTERN}${LOG_PATTERN}${LOG_PATTERN}${LOG_PATTERN}${LOG_PATTERN}${LOG_PATTERN}${LOG_PATTERN}${LOG_PATTERN}${LOG_PATTERN}${LOG_PATTERN}${LOG_PATTERN}${LOG_PATTERN}${LOG_PATTERN}${LOG_PATTERN}${LOG_PATTERN}${LOG_PATTERN}${LOG_PATTERN}${LOG_PATTERN}${LOG_PATTERN}${LOG_PATTERN}${LOG_PATTERN}${LOG_PATTERN}${LOG_PATTERN}${LOG_PATTERN}${LOG_PATTERN}${LOG_PATTERN}${LOG_PATTERN}${LOG_PATTERN}${LOG_PATTERN}${LOG_PATTERN}${LOG_PATTERN}${LOG_PATTERN}${LOG_PATTERN}${LOG_PATTERN}${LOG_PATTERN}${LOG_PATTERN}${LOG_PATTERN}${LOG_PATTERN}${LOG_PATTERN}${LOG_PATTERN}${LOG_PATTERN}${LOG_PATTERN}${LOG_PATTERN}${LOG_PATTERN}${LOG_PATTERN}${LOG_PATTERN}${LOG_PATTERN}${LOG_PATTERN}${LOG_PATTERN}${LOG_PATTERN}${LOG_PATTERN}${LOG_PATTERN}${LOG_PATTERN}${LOG_PATTERN}${LOG_PATTERN}${LOG_PATTERN}${LOG_PATTERN}${LOG_PATTERN}${LOG_PATTERN}${LOG_PATTERN}${LOG_PATTERN}${LOG_PATTERN}${LOG_PATTERN}${LOG_PATTERN}${LOG_PATTERN}${LOG_PATTERN}${LOG_PATTERN}${LOG_PATTERN}${LOG_PATTERN}${LOG_PATTERN}${LOG_PATTERN}${LOG_PATTERN}${LOG_PATTERN}${LOG_PATTERN}${LOG_PATTERN}${LOG_PATTERN}${LOG_PATTERN}${LOG_PATTERN}${LOG_PATTERN}${LOG_PATTERN}${LOG_PATTERN}${LOG_PATTERN}${LOG_PATTERN}${LOG_PATTERN}${LOG_PATTERN}${LOG_PATTERN}${LOG_PATTERN}${LOG_PATTERN}${LOG_PATTERN}${LOG_PATTERN}${LOG_PATTERN}${LOG_PATTERN}${LOG_PATTERN}${LOG_PATTERN}${LOG_PATTERN}${LOG_PATTERN}${LOG_PATTERN}${LOG_PATTERN}${LOG_PATTERN}${LOG_PATTERN}${LOG_PATTERN}${LOG_PATTERN}${LOG_PATTERN}${LOG_PATTERN}${LOG_PATTERN}${LOG_PATTERN}${LOG_PATTERN}${LOG_PATTERN}${LOG_PATTERN}${LOG_PATTERN}${LOG_PATTERN}${LOG_PATTERN}${LOG_PATTERN}${LOG_PATTERN}${LOG_PATTERN}${LOG_PATTERN}${LOG_PATTERN}${LOG_PATTERN}${LOG_PATTERN}${LOG_PATTERN}${LOG_PATTERN}${LOG_PATTERN}${LOG_PATTERN}${LOG_PATTERN}